<?xml version="1.0" encoding="utf-8"?>
<TestRun id="bdc4ccfb-8ffb-438c-b5a1-fac93c6a8fcb" name="Stone@X5 2026-08-01 00:27:06" runUser="X5\Stone" xmlns="http://microsoft.com/schemas/VisualStudio/TeamTest/2010">
  <Times creation="2026-08-01T00:27:06.6889052+08:00" queuing="2026-08-01T00:27:06.6889056+08:00" start="2026-08-01T00:27:02.7067223+08:00" finish="2026-08-01T00:27:36.7810212+08:00" />
  <TestSettings name="default" id="81e0c029-5394-4676-85fd-d389265b0325">
    <Deployment runDeploymentRoot="Stone_X5_2026-08-01_00_27_06" />
  </TestSettings>
  <Results>
    <UnitTestResult executionId="6ae1c99a-b71e-4309-b2f9-efb6faf862af" testId="f94e7db7-9e32-b97a-1d40-79175dc33705" testName="IoTZero_Step4_修改密钥后重登" computerName="X5" duration="00:00:00.5403690" startTime="2026-08-01T00:27:11.7225962+08:00" endTime="2026-08-01T00:27:12.2628774+08:00" testType="13cdc9d9-ddb5-4fa4-a97d-d965ccfc6d4b" outcome="Passed" testListId="8c84fa94-04c1-424b-9868-57a2d4851a1d" relativeResultsDirectory="6ae1c99a-b71e-4309-b2f9-efb6faf862af" />
    <UnitTestResult executionId="e9f3f92d-21db-4d02-8312-46065f56c253" testId="7bfe6fec-528e-d90a-425b-e802a089649d" testName="ZeroServer_Step2_验证服务端实体" computerName="X5" duration="00:00:00.3109723" startTime="2026-08-01T00:27:15.5375421+08:00" endTime="2026-08-01T00:27:15.8437136+08:00" testType="13cdc9d9-ddb5-4fa4-a97d-d965ccfc6d4b" outcome="Failed" testListId="8c84fa94-04c1-424b-9868-57a2d4851a1d" relativeResultsDirectory="e9f3f92d-21db-4d02-8312-46065f56c253">
      <Output>
        <ErrorInfo>
          <Message>Assert.NotNull() Failure: Value is null</Message>
          <StackTrace>   at XUnitTest.Samples.ZeroServer.ZeroServerIntegrationTests.Step2_VerifyServerEntities() in C:\X\NewLife.Remoting\XUnitTest.Samples\ZeroServer\ZeroServerIntegrationTests.cs:line 90&#xD;
--- End of stack trace from previous location ---</StackTrace>
        </ErrorInfo>
      </Output>
    </UnitTestResult>
    <UnitTestResult executionId="e39bf305-b44f-4613-8927-fc23f1feab1d" testId="6749d807-919d-9e23-5536-1407c0bdab28" testName="ZeroServer_Step8_升级检查" computerName="X5" duration="00:00:00.1500717" startTime="2026-08-01T00:27:36.3951100+08:00" endTime="2026-08-01T00:27:36.5453421+08:00" testType="13cdc9d9-ddb5-4fa4-a97d-d965ccfc6d4b" outcome="Failed" testListId="8c84fa94-04c1-424b-9868-57a2d4851a1d" relativeResultsDirectory="e39bf305-b44f-4613-8927-fc23f1feab1d">
      <Output>
        <ErrorInfo>
          <Message>Assert.Null() Failure: Value is not null&#xD;
Expected: null&#xD;
Actual:   NewLife.Remoting.ApiException: [Node/Login]Object reference not set to an instance of an object.&#xD;
   at NewLife.Remoting.Clients.ClientBase.InvokeAsync[TResult](String action, Object args, CancellationToken cancellationToken) in C:\X\NewLife.Remoting\NewLife.Remoting\Clients\ClientBase.cs:line 460&#xD;
   at NewLife.Remoting.Clients.ClientBase.Login(String source, CancellationToken cancellationToken) in C:\X\NewLife.Remoting\NewLife.Remoting\Clients\ClientBase.cs:line 637&#xD;
   at NewLife.Remoting.Clients.ClientBase.GetAsync[TResult](String action, Object args, CancellationToken cancellationToken) in C:\X\NewLife.Remoting\NewLife.Remoting\Clients\ClientBase.cs:line 362&#xD;
   at NewLife.Remoting.Clients.ClientBase.UpgradeAsync(String channel, CancellationToken cancellationToken) in C:\X\NewLife.Remoting\NewLife.Remoting\Clients\ClientBase.cs:line 1135&#xD;
   at NewLife.Remoting.Clients.ClientBase.Upgrade(String channel, CancellationToken cancellationToken) in C:\X\NewLife.Remoting\NewLife.Remoting\Clients\ClientBase.cs:line 1005&#xD;
   at XUnitTest.Samples.ZeroServer.ZeroServerIntegrationTests.&lt;&gt;c__DisplayClass9_0.&lt;&lt;Step8_Upgrade&gt;b__0&gt;d.MoveNext() in C:\X\NewLife.Remoting\XUnitTest.Samples\ZeroServer\ZeroServerIntegrationTests.cs:line 288&#xD;
--- End of stack trace from previous location ---&#xD;
   at Xunit.Record.ExceptionAsync(Func`1 testCode) in /_/src/xunit.core/Record.cs:line 76</Message>
          <StackTrace>   at XUnitTest.Samples.ZeroServer.ZeroServerIntegrationTests.Step8_Upgrade() in C:\X\NewLife.Remoting\XUnitTest.Samples\ZeroServer\ZeroServerIntegrationTests.cs:line 291&#xD;
--- End of stack trace from previous location ---</StackTrace>
        </ErrorInfo>
      </Output>
    </UnitTestResult>
    <UnitTestResult executionId="ef9b14a7-5e16-4089-9090-c15c69775a18" testId="6c9c5836-6a52-e00b-3d7e-37d89f969764" testName="IoTZero_Step7_SendCommand投递" computerName="X5" duration="00:00:00.0566373" startTime="2026-08-01T00:27:14.7858315+08:00" endTime="2026-08-01T00:27:14.8423413+08:00" testType="13cdc9d9-ddb5-4fa4-a97d-d965ccfc6d4b" outcome="Passed" testListId="8c84fa94-04c1-424b-9868-57a2d4851a1d" relativeResultsDirectory="ef9b14a7-5e16-4089-9090-c15c69775a18" />
    <UnitTestResult executionId="01a5509d-e4bd-4ab5-8546-80cb2fd1d5f5" testId="515c5421-3957-d3ce-904c-b3b90a3ae90f" testName="IoTZero_Step2_验证服务端实体" computerName="X5" duration="00:00:00.7422806" startTime="2026-08-01T00:27:05.9433068+08:00" endTime="2026-08-01T00:27:06.6782709+08:00" testType="13cdc9d9-ddb5-4fa4-a97d-d965ccfc6d4b" outcome="Passed" testListId="8c84fa94-04c1-424b-9868-57a2d4851a1d" relativeResultsDirectory="01a5509d-e4bd-4ab5-8546-80cb2fd1d5f5" />
    <UnitTestResult executionId="59e948e2-3514-4859-9a01-5160b56ff97c" testId="4316eaec-62eb-108c-b8ef-79a6a7d58d18" testName="ZeroServer_Step5_心跳" computerName="X5" duration="00:00:00.3043958" startTime="2026-08-01T00:27:20.8569621+08:00" endTime="2026-08-01T00:27:21.1618084+08:00" testType="13cdc9d9-ddb5-4fa4-a97d-d965ccfc6d4b" outcome="Failed" testListId="8c84fa94-04c1-424b-9868-57a2d4851a1d" relativeResultsDirectory="59e948e2-3514-4859-9a01-5160b56ff97c">
      <Output>
        <ErrorInfo>
          <Message>NewLife.Remoting.ApiException : [Node/Login]Object reference not set to an instance of an object.</Message>
          <StackTrace>   at NewLife.Remoting.Clients.ClientBase.InvokeAsync[TResult](String action, Object args, CancellationToken cancellationToken) in C:\X\NewLife.Remoting\NewLife.Remoting\Clients\ClientBase.cs:line 460&#xD;
   at NewLife.Remoting.Clients.ClientBase.Login(String source, CancellationToken cancellationToken) in C:\X\NewLife.Remoting\NewLife.Remoting\Clients\ClientBase.cs:line 637&#xD;
   at NewLife.Remoting.Clients.ClientBase.InvokeAsync[TResult](String action, Object args, CancellationToken cancellationToken) in C:\X\NewLife.Remoting\NewLife.Remoting\Clients\ClientBase.cs:line 433&#xD;
   at NewLife.Remoting.Clients.ClientBase.Ping(CancellationToken cancellationToken) in C:\X\NewLife.Remoting\NewLife.Remoting\Clients\ClientBase.cs:line 835&#xD;
   at NewLife.Remoting.Clients.ClientBase.Ping(CancellationToken cancellationToken) in C:\X\NewLife.Remoting\NewLife.Remoting\Clients\ClientBase.cs:line 897&#xD;
   at ZeroClient.NodeClient.Ping(CancellationToken cancellationToken) in C:\X\NewLife.Remoting\Samples\ZeroServer\Clients\NodeClient.cs:line 107&#xD;
   at XUnitTest.Samples.ZeroServer.ZeroServerIntegrationTests.Step5_Ping() in C:\X\NewLife.Remoting\XUnitTest.Samples\ZeroServer\ZeroServerIntegrationTests.cs:line 191&#xD;
--- End of stack trace from previous location ---</StackTrace>
        </ErrorInfo>
      </Output>
    </UnitTestResult>
    <UnitTestResult executionId="6c448136-a749-474c-afcc-2c9ffad093d4" testId="69be7c7b-9574-ab2e-ba63-6c384d182a47" testName="IoTZero_Step8_升级检查" computerName="X5" duration="00:00:00.0118778" startTime="2026-08-01T00:27:14.8426828+08:00" endTime="2026-08-01T00:27:14.8545607+08:00" testType="13cdc9d9-ddb5-4fa4-a97d-d965ccfc6d4b" outcome="Passed" testListId="8c84fa94-04c1-424b-9868-57a2d4851a1d" relativeResultsDirectory="6c448136-a749-474c-afcc-2c9ffad093d4" />
    <UnitTestResult executionId="0ac00df6-c414-4854-b933-a49865a0c55a" testId="7caf48d0-a2d4-60e5-9b97-6ada2959d4c5" testName="IoTZero_Step5_心跳" computerName="X5" duration="00:00:00.5562829" startTime="2026-08-01T00:27:12.2631736+08:00" endTime="2026-08-01T00:27:12.8197048+08:00" testType="13cdc9d9-ddb5-4fa4-a97d-d965ccfc6d4b" outcome="Passed" testListId="8c84fa94-04c1-424b-9868-57a2d4851a1d" relativeResultsDirectory="0ac00df6-c414-4854-b933-a49865a0c55a" />
    <UnitTestResult executionId="15223c2f-fdba-41cb-bf8b-2996cdc2d80b" testId="eb44e2d2-ee56-0b8f-ab47-24d1c5bf0749" testName="ZeroServer_Step9_事件上报" computerName="X5" duration="00:00:00.1341472" startTime="2026-08-01T00:27:36.5460703+08:00" endTime="2026-08-01T00:27:36.6801234+08:00" testType="13cdc9d9-ddb5-4fa4-a97d-d965ccfc6d4b" outcome="Failed" testListId="8c84fa94-04c1-424b-9868-57a2d4851a1d" relativeResultsDirectory="15223c2f-fdba-41cb-bf8b-2996cdc2d80b">
      <Output>
        <ErrorInfo>
          <Message>NewLife.Remoting.ApiException : [Node/Login]Object reference not set to an instance of an object.</Message>
          <StackTrace>   at NewLife.Remoting.Clients.ClientBase.InvokeAsync[TResult](String action, Object args, CancellationToken cancellationToken) in C:\X\NewLife.Remoting\NewLife.Remoting\Clients\ClientBase.cs:line 460&#xD;
   at NewLife.Remoting.Clients.ClientBase.Login(String source, CancellationToken cancellationToken) in C:\X\NewLife.Remoting\NewLife.Remoting\Clients\ClientBase.cs:line 637&#xD;
   at NewLife.Remoting.Clients.ClientBase.InvokeAsync[TResult](String action, Object args, CancellationToken cancellationToken) in C:\X\NewLife.Remoting\NewLife.Remoting\Clients\ClientBase.cs:line 433&#xD;
   at XUnitTest.Samples.ZeroServer.ZeroServerIntegrationTests.Step9_PostEvents() in C:\X\NewLife.Remoting\XUnitTest.Samples\ZeroServer\ZeroServerIntegrationTests.cs:line 310&#xD;
--- End of stack trace from previous location ---</StackTrace>
        </ErrorInfo>
      </Output>
    </UnitTestResult>
    <UnitTestResult executionId="40ac38f7-5478-4ba3-b07f-c946cc38c9d9" testId="e1e9680d-0292-9f98-a02f-6eeeffcada5c" testName="IoTZero_Step9_事件上报" computerName="X5" duration="00:00:00.0597021" startTime="2026-08-01T00:27:14.8547415+08:00" endTime="2026-08-01T00:27:14.9145906+08:00" testType="13cdc9d9-ddb5-4fa4-a97d-d965ccfc6d4b" outcome="Passed" testListId="8c84fa94-04c1-424b-9868-57a2d4851a1d" relativeResultsDirectory="40ac38f7-5478-4ba3-b07f-c946cc38c9d9" />
    <UnitTestResult executionId="bd4ea8fc-8c9a-424a-90d7-3ed313582b5c" testId="485ed8ca-acf8-5998-f4b2-0a86b0fe07f8" testName="IoTZero_Step6_WebSocket建立确认" computerName="X5" duration="00:00:01.9642155" startTime="2026-08-01T00:27:12.8202260+08:00" endTime="2026-08-01T00:27:14.7849539+08:00" testType="13cdc9d9-ddb5-4fa4-a97d-d965ccfc6d4b" outcome="Passed" testListId="8c84fa94-04c1-424b-9868-57a2d4851a1d" relativeResultsDirectory="bd4ea8fc-8c9a-424a-90d7-3ed313582b5c" />
    <UnitTestResult executionId="5d23454f-f7cc-46f2-9903-288a3830586d" testId="f612c65f-4b6b-29d6-6fde-26a8f976c2f2" testName="ZeroServer_Step4_修改密钥后重登" computerName="X5" duration="00:00:00.0009120" startTime="2026-08-01T00:27:20.8560004+08:00" endTime="2026-08-01T00:27:20.8564265+08:00" testType="13cdc9d9-ddb5-4fa4-a97d-d965ccfc6d4b" outcome="Failed" testListId="8c84fa94-04c1-424b-9868-57a2d4851a1d" relativeResultsDirectory="5d23454f-f7cc-46f2-9903-288a3830586d">
      <Output>
        <ErrorInfo>
          <Message>System.NullReferenceException : Object reference not set to an instance of an object.</Message>
          <StackTrace>   at XUnitTest.Samples.ZeroServer.ZeroServerIntegrationTests.Step4_ReLoginWithNewSecret() in C:\X\NewLife.Remoting\XUnitTest.Samples\ZeroServer\ZeroServerIntegrationTests.cs:line 155&#xD;
--- End of stack trace from previous location ---</StackTrace>
        </ErrorInfo>
      </Output>
    </UnitTestResult>
    <UnitTestResult executionId="fd9af052-e464-4930-9081-aee3f97a4b94" testId="c4b7cefd-66dd-638a-10b3-d7f4a5295277" testName="ZeroServer_Step7_SendCommand与CommandReply" computerName="X5" duration="00:00:10.0295655" startTime="2026-08-01T00:27:26.3651621+08:00" endTime="2026-08-01T00:27:36.3946162+08:00" testType="13cdc9d9-ddb5-4fa4-a97d-d965ccfc6d4b" outcome="Failed" testListId="8c84fa94-04c1-424b-9868-57a2d4851a1d" relativeResultsDirectory="fd9af052-e464-4930-9081-aee3f97a4b94">
      <Output>
        <ErrorInfo>
          <Message>System.Threading.Tasks.TaskCanceledException : A task was canceled.</Message>
          <StackTrace>   at XUnitTest.Samples.ZeroServer.ZeroServerIntegrationTests.Step7_SendCommandAndReply() in C:\X\NewLife.Remoting\XUnitTest.Samples\ZeroServer\ZeroServerIntegrationTests.cs:line 267&#xD;
--- End of stack trace from previous location ---</StackTrace>
        </ErrorInfo>
      </Output>
    </UnitTestResult>
    <UnitTestResult executionId="19a867cd-4e29-45e5-be3a-372356f21151" testId="23d1e6de-aea8-cd29-af01-5da6e63a59d2" testName="ZeroServer_Step3_注销" computerName="X5" duration="00:00:05.0108013" startTime="2026-08-01T00:27:15.8442561+08:00" endTime="2026-08-01T00:27:20.8550293+08:00" testType="13cdc9d9-ddb5-4fa4-a97d-d965ccfc6d4b" outcome="Failed" testListId="8c84fa94-04c1-424b-9868-57a2d4851a1d" relativeResultsDirectory="19a867cd-4e29-45e5-be3a-372356f21151">
      <Output>
        <ErrorInfo>
          <Message>Assert.NotEmpty() Failure: Collection was empty</Message>
          <StackTrace>   at XUnitTest.Samples.ZeroServer.ZeroServerIntegrationTests.Step3_Logout() in C:\X\NewLife.Remoting\XUnitTest.Samples\ZeroServer\ZeroServerIntegrationTests.cs:line 130&#xD;
--- End of stack trace from previous location ---</StackTrace>
        </ErrorInfo>
      </Output>
    </UnitTestResult>
    <UnitTestResult executionId="ce4213e4-9732-4a51-b311-5a59525f3b95" testId="89c75aad-317b-b026-53d3-74ac659d4cd4" testName="IoTZero_Step1_自动注册登录" computerName="X5" duration="00:00:00.7630347" startTime="2026-08-01T00:27:05.1697894+08:00" endTime="2026-08-01T00:27:05.9337737+08:00" testType="13cdc9d9-ddb5-4fa4-a97d-d965ccfc6d4b" outcome="Passed" testListId="8c84fa94-04c1-424b-9868-57a2d4851a1d" relativeResultsDirectory="ce4213e4-9732-4a51-b311-5a59525f3b95" />
    <UnitTestResult executionId="8efd9c8b-3c8a-4b0c-92f4-294a322f46f5" testId="d36d1e47-efe8-765c-f726-d2dbf4ead126" testName="ZeroServer_Step1_自动注册登录" computerName="X5" duration="00:00:00.3206952" startTime="2026-08-01T00:27:15.2078713+08:00" endTime="2026-08-01T00:27:15.5321906+08:00" testType="13cdc9d9-ddb5-4fa4-a97d-d965ccfc6d4b" outcome="Failed" testListId="8c84fa94-04c1-424b-9868-57a2d4851a1d" relativeResultsDirectory="8efd9c8b-3c8a-4b0c-92f4-294a322f46f5">
      <Output>
        <ErrorInfo>
          <Message>NewLife.Remoting.ApiException : [Node/Login]Object reference not set to an instance of an object.</Message>
          <StackTrace>   at NewLife.Remoting.Clients.ClientBase.InvokeAsync[TResult](String action, Object args, CancellationToken cancellationToken) in C:\X\NewLife.Remoting\NewLife.Remoting\Clients\ClientBase.cs:line 460&#xD;
   at NewLife.Remoting.Clients.ClientBase.Login(String source, CancellationToken cancellationToken) in C:\X\NewLife.Remoting\NewLife.Remoting\Clients\ClientBase.cs:line 637&#xD;
   at XUnitTest.Samples.ZeroServer.ZeroServerIntegrationTests.Step1_AutoRegisterLogin() in C:\X\NewLife.Remoting\XUnitTest.Samples\ZeroServer\ZeroServerIntegrationTests.cs:line 50&#xD;
--- End of stack trace from previous location ---</StackTrace>
        </ErrorInfo>
      </Output>
    </UnitTestResult>
    <UnitTestResult executionId="fd72c3da-b261-4888-af33-e80a8ecd1790" testId="8815ec47-1b15-9693-78ab-21b73f4d86af" testName="ZeroServer_Step6_WebSocket建立确认" computerName="X5" duration="00:00:05.2020702" startTime="2026-08-01T00:27:21.1623896+08:00" endTime="2026-08-01T00:27:26.3645153+08:00" testType="13cdc9d9-ddb5-4fa4-a97d-d965ccfc6d4b" outcome="Failed" testListId="8c84fa94-04c1-424b-9868-57a2d4851a1d" relativeResultsDirectory="fd72c3da-b261-4888-af33-e80a8ecd1790">
      <Output>
        <ErrorInfo>
          <Message>Assert.NotNull() Failure: Value is null</Message>
          <StackTrace>   at XUnitTest.Samples.ZeroServer.ZeroServerIntegrationTests.Step6_WaitWebSocket() in C:\X\NewLife.Remoting\XUnitTest.Samples\ZeroServer\ZeroServerIntegrationTests.cs:line 226&#xD;
--- End of stack trace from previous location ---</StackTrace>
        </ErrorInfo>
      </Output>
    </UnitTestResult>
    <UnitTestResult executionId="25f279e1-0cf5-4ae0-bcbd-8e61aeba5a65" testId="3b04fe2a-68b8-4d13-41d4-c8476775949a" testName="IoTZero_Step3_注销" computerName="X5" duration="00:00:05.0433077" startTime="2026-08-01T00:27:06.6790218+08:00" endTime="2026-08-01T00:27:11.7220126+08:00" testType="13cdc9d9-ddb5-4fa4-a97d-d965ccfc6d4b" outcome="Passed" testListId="8c84fa94-04c1-424b-9868-57a2d4851a1d" relativeResultsDirectory="25f279e1-0cf5-4ae0-bcbd-8e61aeba5a65" />
  </Results>
  <TestDefinitions>
    <UnitTest name="ZeroServer_Step3_注销" storage="c:\x\newlife.remoting\xunittest.samples\bin\release\net10.0\xunittest.samples.dll" id="23d1e6de-aea8-cd29-af01-5da6e63a59d2">
      <Execution id="19a867cd-4e29-45e5-be3a-372356f21151" />
      <TestMethod codeBase="C:\X\NewLife.Remoting\XUnitTest.Samples\bin\Release\net10.0\XUnitTest.Samples.dll" adapterTypeName="executor://xunit/VsTestRunner3/netcore/" className="XUnitTest.Samples.ZeroServer.ZeroServerIntegrationTests" name="Step3_Logout" />
    </UnitTest>
    <UnitTest name="IoTZero_Step8_升级检查" storage="c:\x\newlife.remoting\xunittest.samples\bin\release\net10.0\xunittest.samples.dll" id="69be7c7b-9574-ab2e-ba63-6c384d182a47">
      <Execution id="6c448136-a749-474c-afcc-2c9ffad093d4" />
      <TestMethod codeBase="C:\X\NewLife.Remoting\XUnitTest.Samples\bin\Release\net10.0\XUnitTest.Samples.dll" adapterTypeName="executor://xunit/VsTestRunner3/netcore/" className="XUnitTest.Samples.IoTZero.IoTZeroIntegrationTests" name="Step8_Upgrade" />
    </UnitTest>
    <UnitTest name="IoTZero_Step7_SendCommand投递" storage="c:\x\newlife.remoting\xunittest.samples\bin\release\net10.0\xunittest.samples.dll" id="6c9c5836-6a52-e00b-3d7e-37d89f969764">
      <Execution id="ef9b14a7-5e16-4089-9090-c15c69775a18" />
      <TestMethod codeBase="C:\X\NewLife.Remoting\XUnitTest.Samples\bin\Release\net10.0\XUnitTest.Samples.dll" adapterTypeName="executor://xunit/VsTestRunner3/netcore/" className="XUnitTest.Samples.IoTZero.IoTZeroIntegrationTests" name="Step7_SendCommandAndReceive" />
    </UnitTest>
    <UnitTest name="ZeroServer_Step7_SendCommand与CommandReply" storage="c:\x\newlife.remoting\xunittest.samples\bin\release\net10.0\xunittest.samples.dll" id="c4b7cefd-66dd-638a-10b3-d7f4a5295277">
      <Execution id="fd9af052-e464-4930-9081-aee3f97a4b94" />
      <TestMethod codeBase="C:\X\NewLife.Remoting\XUnitTest.Samples\bin\Release\net10.0\XUnitTest.Samples.dll" adapterTypeName="executor://xunit/VsTestRunner3/netcore/" className="XUnitTest.Samples.ZeroServer.ZeroServerIntegrationTests" name="Step7_SendCommandAndReply" />
    </UnitTest>
    <UnitTest name="ZeroServer_Step6_WebSocket建立确认" storage="c:\x\newlife.remoting\xunittest.samples\bin\release\net10.0\xunittest.samples.dll" id="8815ec47-1b15-9693-78ab-21b73f4d86af">
      <Execution id="fd72c3da-b261-4888-af33-e80a8ecd1790" />
      <TestMethod codeBase="C:\X\NewLife.Remoting\XUnitTest.Samples\bin\Release\net10.0\XUnitTest.Samples.dll" adapterTypeName="executor://xunit/VsTestRunner3/netcore/" className="XUnitTest.Samples.ZeroServer.ZeroServerIntegrationTests" name="Step6_WaitWebSocket" />
    </UnitTest>
    <UnitTest name="ZeroServer_Step9_事件上报" storage="c:\x\newlife.remoting\xunittest.samples\bin\release\net10.0\xunittest.samples.dll" id="eb44e2d2-ee56-0b8f-ab47-24d1c5bf0749">
      <Execution id="15223c2f-fdba-41cb-bf8b-2996cdc2d80b" />
      <TestMethod codeBase="C:\X\NewLife.Remoting\XUnitTest.Samples\bin\Release\net10.0\XUnitTest.Samples.dll" adapterTypeName="executor://xunit/VsTestRunner3/netcore/" className="XUnitTest.Samples.ZeroServer.ZeroServerIntegrationTests" name="Step9_PostEvents" />
    </UnitTest>
    <UnitTest name="ZeroServer_Step1_自动注册登录" storage="c:\x\newlife.remoting\xunittest.samples\bin\release\net10.0\xunittest.samples.dll" id="d36d1e47-efe8-765c-f726-d2dbf4ead126">
      <Execution id="8efd9c8b-3c8a-4b0c-92f4-294a322f46f5" />
      <TestMethod codeBase="C:\X\NewLife.Remoting\XUnitTest.Samples\bin\Release\net10.0\XUnitTest.Samples.dll" adapterTypeName="executor://xunit/VsTestRunner3/netcore/" className="XUnitTest.Samples.ZeroServer.ZeroServerIntegrationTests" name="Step1_AutoRegisterLogin" />
    </UnitTest>
    <UnitTest name="IoTZero_Step6_WebSocket建立确认" storage="c:\x\newlife.remoting\xunittest.samples\bin\release\net10.0\xunittest.samples.dll" id="485ed8ca-acf8-5998-f4b2-0a86b0fe07f8">
      <Execution id="bd4ea8fc-8c9a-424a-90d7-3ed313582b5c" />
      <TestMethod codeBase="C:\X\NewLife.Remoting\XUnitTest.Samples\bin\Release\net10.0\XUnitTest.Samples.dll" adapterTypeName="executor://xunit/VsTestRunner3/netcore/" className="XUnitTest.Samples.IoTZero.IoTZeroIntegrationTests" name="Step6_WaitWebSocket" />
    </UnitTest>
    <UnitTest name="ZeroServer_Step8_升级检查" storage="c:\x\newlife.remoting\xunittest.samples\bin\release\net10.0\xunittest.samples.dll" id="6749d807-919d-9e23-5536-1407c0bdab28">
      <Execution id="e39bf305-b44f-4613-8927-fc23f1feab1d" />
      <TestMethod codeBase="C:\X\NewLife.Remoting\XUnitTest.Samples\bin\Release\net10.0\XUnitTest.Samples.dll" adapterTypeName="executor://xunit/VsTestRunner3/netcore/" className="XUnitTest.Samples.ZeroServer.ZeroServerIntegrationTests" name="Step8_Upgrade" />
    </UnitTest>
    <UnitTest name="IoTZero_Step5_心跳" storage="c:\x\newlife.remoting\xunittest.samples\bin\release\net10.0\xunittest.samples.dll" id="7caf48d0-a2d4-60e5-9b97-6ada2959d4c5">
      <Execution id="0ac00df6-c414-4854-b933-a49865a0c55a" />
      <TestMethod codeBase="C:\X\NewLife.Remoting\XUnitTest.Samples\bin\Release\net10.0\XUnitTest.Samples.dll" adapterTypeName="executor://xunit/VsTestRunner3/netcore/" className="XUnitTest.Samples.IoTZero.IoTZeroIntegrationTests" name="Step5_Ping" />
    </UnitTest>
    <UnitTest name="ZeroServer_Step5_心跳" storage="c:\x\newlife.remoting\xunittest.samples\bin\release\net10.0\xunittest.samples.dll" id="4316eaec-62eb-108c-b8ef-79a6a7d58d18">
      <Execution id="59e948e2-3514-4859-9a01-5160b56ff97c" />
      <TestMethod codeBase="C:\X\NewLife.Remoting\XUnitTest.Samples\bin\Release\net10.0\XUnitTest.Samples.dll" adapterTypeName="executor://xunit/VsTestRunner3/netcore/" className="XUnitTest.Samples.ZeroServer.ZeroServerIntegrationTests" name="Step5_Ping" />
    </UnitTest>
    <UnitTest name="IoTZero_Step9_事件上报" storage="c:\x\newlife.remoting\xunittest.samples\bin\release\net10.0\xunittest.samples.dll" id="e1e9680d-0292-9f98-a02f-6eeeffcada5c">
      <Execution id="40ac38f7-5478-4ba3-b07f-c946cc38c9d9" />
      <TestMethod codeBase="C:\X\NewLife.Remoting\XUnitTest.Samples\bin\Release\net10.0\XUnitTest.Samples.dll" adapterTypeName="executor://xunit/VsTestRunner3/netcore/" className="XUnitTest.Samples.IoTZero.IoTZeroIntegrationTests" name="Step9_PostEvents" />
    </UnitTest>
    <UnitTest name="IoTZero_Step2_验证服务端实体" storage="c:\x\newlife.remoting\xunittest.samples\bin\release\net10.0\xunittest.samples.dll" id="515c5421-3957-d3ce-904c-b3b90a3ae90f">
      <Execution id="01a5509d-e4bd-4ab5-8546-80cb2fd1d5f5" />
      <TestMethod codeBase="C:\X\NewLife.Remoting\XUnitTest.Samples\bin\Release\net10.0\XUnitTest.Samples.dll" adapterTypeName="executor://xunit/VsTestRunner3/netcore/" className="XUnitTest.Samples.IoTZero.IoTZeroIntegrationTests" name="Step2_VerifyServerEntities" />
    </UnitTest>
    <UnitTest name="ZeroServer_Step4_修改密钥后重登" storage="c:\x\newlife.remoting\xunittest.samples\bin\release\net10.0\xunittest.samples.dll" id="f612c65f-4b6b-29d6-6fde-26a8f976c2f2">
      <Execution id="5d23454f-f7cc-46f2-9903-288a3830586d" />
      <TestMethod codeBase="C:\X\NewLife.Remoting\XUnitTest.Samples\bin\Release\net10.0\XUnitTest.Samples.dll" adapterTypeName="executor://xunit/VsTestRunner3/netcore/" className="XUnitTest.Samples.ZeroServer.ZeroServerIntegrationTests" name="Step4_ReLoginWithNewSecret" />
    </UnitTest>
    <UnitTest name="ZeroServer_Step2_验证服务端实体" storage="c:\x\newlife.remoting\xunittest.samples\bin\release\net10.0\xunittest.samples.dll" id="7bfe6fec-528e-d90a-425b-e802a089649d">
      <Execution id="e9f3f92d-21db-4d02-8312-46065f56c253" />
      <TestMethod codeBase="C:\X\NewLife.Remoting\XUnitTest.Samples\bin\Release\net10.0\XUnitTest.Samples.dll" adapterTypeName="executor://xunit/VsTestRunner3/netcore/" className="XUnitTest.Samples.ZeroServer.ZeroServerIntegrationTests" name="Step2_VerifyServerEntities" />
    </UnitTest>
    <UnitTest name="IoTZero_Step3_注销" storage="c:\x\newlife.remoting\xunittest.samples\bin\release\net10.0\xunittest.samples.dll" id="3b04fe2a-68b8-4d13-41d4-c8476775949a">
      <Execution id="25f279e1-0cf5-4ae0-bcbd-8e61aeba5a65" />
      <TestMethod codeBase="C:\X\NewLife.Remoting\XUnitTest.Samples\bin\Release\net10.0\XUnitTest.Samples.dll" adapterTypeName="executor://xunit/VsTestRunner3/netcore/" className="XUnitTest.Samples.IoTZero.IoTZeroIntegrationTests" name="Step3_Logout" />
    </UnitTest>
    <UnitTest name="IoTZero_Step1_自动注册登录" storage="c:\x\newlife.remoting\xunittest.samples\bin\release\net10.0\xunittest.samples.dll" id="89c75aad-317b-b026-53d3-74ac659d4cd4">
      <Execution id="ce4213e4-9732-4a51-b311-5a59525f3b95" />
      <TestMethod codeBase="C:\X\NewLife.Remoting\XUnitTest.Samples\bin\Release\net10.0\XUnitTest.Samples.dll" adapterTypeName="executor://xunit/VsTestRunner3/netcore/" className="XUnitTest.Samples.IoTZero.IoTZeroIntegrationTests" name="Step1_AutoRegisterLogin" />
    </UnitTest>
    <UnitTest name="IoTZero_Step4_修改密钥后重登" storage="c:\x\newlife.remoting\xunittest.samples\bin\release\net10.0\xunittest.samples.dll" id="f94e7db7-9e32-b97a-1d40-79175dc33705">
      <Execution id="6ae1c99a-b71e-4309-b2f9-efb6faf862af" />
      <TestMethod codeBase="C:\X\NewLife.Remoting\XUnitTest.Samples\bin\Release\net10.0\XUnitTest.Samples.dll" adapterTypeName="executor://xunit/VsTestRunner3/netcore/" className="XUnitTest.Samples.IoTZero.IoTZeroIntegrationTests" name="Step4_ReLoginWithNewSecret" />
    </UnitTest>
  </TestDefinitions>
  <TestEntries>
    <TestEntry testId="f94e7db7-9e32-b97a-1d40-79175dc33705" executionId="6ae1c99a-b71e-4309-b2f9-efb6faf862af" testListId="8c84fa94-04c1-424b-9868-57a2d4851a1d" />
    <TestEntry testId="7bfe6fec-528e-d90a-425b-e802a089649d" executionId="e9f3f92d-21db-4d02-8312-46065f56c253" testListId="8c84fa94-04c1-424b-9868-57a2d4851a1d" />
    <TestEntry testId="6749d807-919d-9e23-5536-1407c0bdab28" executionId="e39bf305-b44f-4613-8927-fc23f1feab1d" testListId="8c84fa94-04c1-424b-9868-57a2d4851a1d" />
    <TestEntry testId="6c9c5836-6a52-e00b-3d7e-37d89f969764" executionId="ef9b14a7-5e16-4089-9090-c15c69775a18" testListId="8c84fa94-04c1-424b-9868-57a2d4851a1d" />
    <TestEntry testId="515c5421-3957-d3ce-904c-b3b90a3ae90f" executionId="01a5509d-e4bd-4ab5-8546-80cb2fd1d5f5" testListId="8c84fa94-04c1-424b-9868-57a2d4851a1d" />
    <TestEntry testId="4316eaec-62eb-108c-b8ef-79a6a7d58d18" executionId="59e948e2-3514-4859-9a01-5160b56ff97c" testListId="8c84fa94-04c1-424b-9868-57a2d4851a1d" />
    <TestEntry testId="69be7c7b-9574-ab2e-ba63-6c384d182a47" executionId="6c448136-a749-474c-afcc-2c9ffad093d4" testListId="8c84fa94-04c1-424b-9868-57a2d4851a1d" />
    <TestEntry testId="7caf48d0-a2d4-60e5-9b97-6ada2959d4c5" executionId="0ac00df6-c414-4854-b933-a49865a0c55a" testListId="8c84fa94-04c1-424b-9868-57a2d4851a1d" />
    <TestEntry testId="eb44e2d2-ee56-0b8f-ab47-24d1c5bf0749" executionId="15223c2f-fdba-41cb-bf8b-2996cdc2d80b" testListId="8c84fa94-04c1-424b-9868-57a2d4851a1d" />
    <TestEntry testId="e1e9680d-0292-9f98-a02f-6eeeffcada5c" executionId="40ac38f7-5478-4ba3-b07f-c946cc38c9d9" testListId="8c84fa94-04c1-424b-9868-57a2d4851a1d" />
    <TestEntry testId="485ed8ca-acf8-5998-f4b2-0a86b0fe07f8" executionId="bd4ea8fc-8c9a-424a-90d7-3ed313582b5c" testListId="8c84fa94-04c1-424b-9868-57a2d4851a1d" />
    <TestEntry testId="f612c65f-4b6b-29d6-6fde-26a8f976c2f2" executionId="5d23454f-f7cc-46f2-9903-288a3830586d" testListId="8c84fa94-04c1-424b-9868-57a2d4851a1d" />
    <TestEntry testId="c4b7cefd-66dd-638a-10b3-d7f4a5295277" executionId="fd9af052-e464-4930-9081-aee3f97a4b94" testListId="8c84fa94-04c1-424b-9868-57a2d4851a1d" />
    <TestEntry testId="23d1e6de-aea8-cd29-af01-5da6e63a59d2" executionId="19a867cd-4e29-45e5-be3a-372356f21151" testListId="8c84fa94-04c1-424b-9868-57a2d4851a1d" />
    <TestEntry testId="89c75aad-317b-b026-53d3-74ac659d4cd4" executionId="ce4213e4-9732-4a51-b311-5a59525f3b95" testListId="8c84fa94-04c1-424b-9868-57a2d4851a1d" />
    <TestEntry testId="d36d1e47-efe8-765c-f726-d2dbf4ead126" executionId="8efd9c8b-3c8a-4b0c-92f4-294a322f46f5" testListId="8c84fa94-04c1-424b-9868-57a2d4851a1d" />
    <TestEntry testId="8815ec47-1b15-9693-78ab-21b73f4d86af" executionId="fd72c3da-b261-4888-af33-e80a8ecd1790" testListId="8c84fa94-04c1-424b-9868-57a2d4851a1d" />
    <TestEntry testId="3b04fe2a-68b8-4d13-41d4-c8476775949a" executionId="25f279e1-0cf5-4ae0-bcbd-8e61aeba5a65" testListId="8c84fa94-04c1-424b-9868-57a2d4851a1d" />
  </TestEntries>
  <TestLists>
    <TestList name="列表中未列出的结果" id="8c84fa94-04c1-424b-9868-57a2d4851a1d" />
    <TestList name="所有已加载的结果" id="19431567-8539-422a-85d7-44ee4e166bda" />
  </TestLists>
  <ResultSummary outcome="Failed">
    <Counters total="18" executed="18" passed="9" failed="9" error="0" timeout="0" aborted="0" inconclusive="0" passedButRunAborted="0" notRunnable="0" notExecuted="0" disconnected="0" warning="0" completed="0" inProgress="0" pending="0" />
    <Output>
      <StdOut>[xUnit.net 00:00:00.00] xUnit.net VSTest Adapter v3.1.5+1b188a7b0a (64-bit .NET 10.0.10)&#xD;
[xUnit.net 00:00:00.11]   Discovering: XUnitTest.Samples&#xD;
[xUnit.net 00:00:00.15]   Discovered:  XUnitTest.Samples&#xD;
[xUnit.net 00:00:00.18]   Starting:    XUnitTest.Samples&#xD;
00:27:03.659 20 N - NewLife.Core v11.17.2026.0726-beta0124 Build 2026-07-26 09:24:00 .NET 10.0&#xD;
00:27:03.662 20 N - NewLife��������� ?2002-2026 NewLife&#xD;
00:27:03.662 20 N - testhost v18.8.1 Build 2000-01-01 00:00:00 .NET 8.0&#xD;
00:27:03.662 20 N - testhost ? Microsoft Corporation. All rights reserved.&#xD;
00:27:03.662 20 N - ���ڳ�ʼ���ǳ�����&#xD;
00:27:03.694 21 Y 1 [StarAgent]��Ⱥģʽ������ת��&#xD;
00:27:03.695 21 Y 1 [StarAgent]��Ⱥ���ӣ�udp://127.0.0.1:5500&#xD;
00:27:03.787 20 N - �����ǳ�̽�⣺http://star.newlifex.com:6600 Cost=100ms&#xD;
00:27:03.803 20 N - �����ǳ�ƽ̨��Server=http://star.newlifex.com:6600 AppId=testhost ClientId=10.0.0.3@6476&#xD;
00:27:03.814 20 N - �ǳ�������ģ�ITracer�ɼ����ϱ�Ӧ��������ݣ��Զ����Api�ӿڡ�Http�������ݿ������Redis�����ȡ������ڼ��ϵͳ����״̬�������ֲ�ʽϵͳ�ĵ�����������ƿ����&#xD;
00:27:03.850 20 N - XCode v12.0.2026.0701 Build 2026-07-01 00:00:00 .NET Standard 2.1&#xD;
00:27:03.850 20 N - XCode����ORM�м�� ?2002-2026 NewLife&#xD;
00:27:03.850 20 N - ��ǰ����Ϊ���SQL��־�����������־���࣬�����޸����ùر�[Config/XCode.config:ShowSQL=false]��&#xD;
00:27:03.869 20 N - �ǳ��������ģ�IConfigProvider���й������ã��Զ����������ļ����������ݲ�֧�ֱ��ʵʱ�·�������XCode���ݿ������ַ����ȡ���������ͬʱ֧�ַ���Ӧ��ʵ����ΨһWorkerId��ȷ��Snowflake�㷨�ܹ����ɾ���Ψһ��ѩ��Id&#xD;
00:27:03.872 20 N - [IoTServer/0]���ػ������ã�C:\X\NewLife.Remoting\XUnitTest.Samples\bin\Release\net10.0\Data\dbConfig_IoTServer.json&#xD;
00:27:03.934 20 N - ���ʵ��XCode.Membership.Parameter�����ݱ��ܹ���ģʽ��CheckTableWhenFirstUse&#xD;
00:27:03.941 20 N - [Membership]��������ݱ���Parameter&#xD;
00:27:03.946 20 N - [System.Data.SQLite.SQLite]���� C:\X\NewLife.Remoting\XUnitTest.Samples\bin\Release\net10.0\Plugins\System.Data.SQLite.dll �汾v2.0.2.0&#xD;
00:27:03.957 23 Y T [App]��¼��testhost����ţ�1����Դ��TryConnectServer&#xD;
00:27:03.973 20 N - Data Source=C:\X\NewLife.Remoting\XUnitTest.Samples\bin\Release\Data\Membership.db;Cache Size=-524288;Synchronous=Off;Journal Mode=WAL&#xD;
00:27:03.973 20 N - [Membership] DataSource=C:\X\NewLife.Remoting\XUnitTest.Samples\bin\Release\Data\Membership.db Database= User=&#xD;
00:27:04.058 20 N - Parameter.Count ���ټ������¼�����Ǿ�ȷ��[Parameter/Membership] �ο�ֵ 87&#xD;
00:27:04.179 20 N - ================================ Start ����ħ�� ================================&#xD;
00:27:04.180 20 N - NewLife.Cube v6.12.2026.0708 Build 2026-07-08 04:24:56 .NET 10.0&#xD;
00:27:04.181 20 N - ħ�����ٿ���ƽ̨MVC�� ?2002-2026 NewLife&#xD;
00:27:04.186 20 N - [Cube/0]���ػ������ã�C:\X\NewLife.Remoting\XUnitTest.Samples\bin\Release\net10.0\Data\dbConfig_Cube.json&#xD;
00:27:04.342 20 N - ע��������ͼ���\udab2\udfe3�NewLife.Cube, Version=6.12.9685.7948, Culture=neutral, PublicKeyToken=8343210f0b524456&#xD;
00:27:04.343 20 N - ע��������ͼ���\udab2\udfe3�IoTZero, Version=1.0.9709.810, Culture=neutral, PublicKeyToken=null&#xD;
00:27:04.343 20 N - ע��������ͼ���\udab2\udfe3�ZeroServer, Version=1.0.9709.810, Culture=neutral, PublicKeyToken=null&#xD;
00:27:04.345 20 N - AI �����ã�Provider=NewLifeAI Model=newlife-flash&#xD;
�ڵ� - X5&#xD;
����:&#xD;
���� = �ܾ�����&#xD;
00:27:04.352 20 N - [Membership]��������ݱ���AppModule&#xD;
00:27:04.352 47 N L [Membership]��������ݱ���CronJob&#xD;
00:27:04.354 47 N L [Membership] select * from sqlite_master&#xD;
00:27:04.354 20 N - [Membership] select * from sqlite_master&#xD;
00:27:04.362 47 N L CronJob.Count ���ټ������¼�����Ǿ�ȷ��[CronJob/Cube] �ο�ֵ 5&#xD;
00:27:04.362 47 N L [Membership] Select Count(*) From CronJob&#xD;
00:27:04.368 47 N L [Membership] Select * From CronJob&#xD;
00:27:04.377 47 N L [Membership] Select * From CronJob&#xD;
00:27:04.392 20 N - [Membership] Select * From AppModule&#xD;
00:27:04.399 20 N - ================================ End   ����ħ�� ================================&#xD;
00:27:04.434 20 N - ================================ Start ��ʼ��ħ�� ================================&#xD;
00:27:04.436 20 N - �첽��ʼ���������ݿ����ӵ�ʵ��������ݱ�&#xD;
00:27:04.504 50 N L DAL�Զ��������ṩ�� NewLife.Configuration.CompositeConfigProvider&#xD;
00:27:04.504 53 N L ��ʼ�����ݿ⣺Membership/SQLite ʵ����[7]��User,Menu,Role,Department,UserToken,UserStat,UserConnect&#xD;
00:27:04.504 51 N L ��ʼ�����ݿ⣺IoT/SQLite ʵ����[7]��Product,Device,DeviceGroup,DeviceHistory,DeviceOnline,DeviceProperty,DeviceData&#xD;
00:27:04.505 20 N - [Membership] select * from sqlite_master&#xD;
00:27:04.506 54 N L ��ʼ�����ݿ⣺Cube/SQLite ʵ����[16]��OAuthLog,OAuthConfig,PrincipalAgent,CronJob,AppModule,AppLog,App,SmsConfig,AccessRule,MailConfig,Attachment,LovDefinition,LovEnumItem,LovListConfig,LovSearchField,LovTableColumn&#xD;
00:27:04.509 53 N L [Membership]��������ݱ���User,Menu,Role,Department,UserToken,UserStat,UserConnect&#xD;
00:27:04.509 53 N L [Membership] select * from sqlite_master&#xD;
00:27:04.509 51 N L [IoT]��������ݱ���Product,Device,DeviceGroup,DeviceHistory,DeviceOnline,DeviceProperty&#xD;
00:27:04.509 51 N L [IoT] select * from sqlite_master&#xD;
00:27:04.512 51 N L Data Source=C:\X\NewLife.Remoting\XUnitTest.Samples\bin\Release\Data\IoT.db;Cache Size=-524288;Synchronous=Off;Journal Mode=WAL&#xD;
00:27:04.512 51 N L [IoT] DataSource=C:\X\NewLife.Remoting\XUnitTest.Samples\bin\Release\Data\IoT.db Database= User=&#xD;
00:27:04.514 54 N L [Membership]��������ݱ���OAuthLog,OAuthConfig,PrincipalAgent,CronJob,AppModule,AppLog,OAuthApp,SmsConfig,AccessRule,MailConfig,Attachment,LovDefinition,LovEnumItem,LovListConfig,LovSearchField,LovTableColumn&#xD;
00:27:04.514 54 N L [Membership] select * from sqlite_master&#xD;
00:27:04.516 47 N L [App]���ڵ�¼�����Ե�5000ms����ţ�2����Դ��Config/GetAll&#xD;
00:27:04.523 20 N - [Membership] Select * From Menu&#xD;
00:27:04.523 53 N L User.Count ���ټ������¼�����Ǿ�ȷ��[User/Membership] �ο�ֵ 1&#xD;
00:27:04.523 53 N L [Membership] Select Count(*) From User&#xD;
00:27:04.527 54 N L OAuthConfig.Count ���ټ������¼�����Ǿ�ȷ��[OAuthConfig/Cube] �ο�ֵ 11&#xD;
00:27:04.528 54 N L [Membership] Select Count(*) From OAuthConfig&#xD;
00:27:04.534 51 N L DDLģʽ[On]�����ֹ��޸ı�[DeviceOnline]��&#xD;
Alter Table DeviceOnline Drop Column WebSocket&#xD;
00:27:04.535 53 N L Role.Count ���ټ������¼�����Ǿ�ȷ��[Role/Membership] �ο�ֵ 4&#xD;
00:27:04.535 53 N L [Membership] Select Count(*) From Role&#xD;
00:27:04.535 54 N L SmsConfig.Count ���ټ������¼�����Ǿ�ȷ��[SmsConfig/Cube] �ο�ֵ 1&#xD;
00:27:04.535 51 N L Product.Count ���ټ������¼�����Ǿ�ȷ��[Product/IoT] �ο�ֵ 2&#xD;
00:27:04.535 51 N L [IoT] Select Count(*) From Product&#xD;
00:27:04.535 54 N L [Membership] Select Count(*) From SmsConfig&#xD;
00:27:04.543 53 N L [Membership] Select * From Role&#xD;
00:27:04.544 54 N L AccessRule.Count ���ټ������¼�����Ǿ�ȷ��[AccessRule/Cube] �ο�ֵ 4&#xD;
00:27:04.544 54 N L [Membership] Select Count(*) From AccessRule&#xD;
00:27:04.545 51 N L Device.Count ���ټ������¼�����Ǿ�ȷ��[Device/IoT] �ο�ֵ 2&#xD;
00:27:04.545 51 N L [IoT] Select Count(*) From Device&#xD;
00:27:04.553 54 N L MailConfig.Count ���ټ������¼�����Ǿ�ȷ��[MailConfig/Cube] �ο�ֵ 5&#xD;
00:27:04.554 54 N L [Membership] Select Count(*) From MailConfig&#xD;
00:27:04.554 51 N L DeviceGroup.Count ���ټ������¼�����Ǿ�ȷ��[DeviceGroup/IoT] �ο�ֵ 1&#xD;
00:27:04.554 51 N L [IoT] Select Count(*) From DeviceGroup&#xD;
00:27:04.556 53 N L Department.Count ���ټ������¼�����Ǿ�ȷ��[Department/Membership] �ο�ֵ 7&#xD;
00:27:04.556 53 N L [Membership] Select Count(*) From Department&#xD;
00:27:04.611 20 N - ��ʼ��ManageProvider&#xD;
00:27:04.614 20 N - ContentRootPath=C:\X\NewLife.Remoting\Samples\IoTZero&#xD;
00:27:04.614 20 N - WebRootPath=C:\X\NewLife.Remoting\XUnitTest.Samples\bin\Release\net10.0\wwwroot&#xD;
00:27:04.616 20 N - ע��ħ������·��&#xD;
00:27:04.626 20 N - ע��ʵ��ģ�Ͱ�����NewLife.Cube.EntityModelBinderProvider&#xD;
00:27:04.659 23 Y T [App]��¼�ɹ���testhost����ţ�1����Դ��TryConnectServer&#xD;
00:27:04.670 20 N - ��ʼע��Ȩ�޹�������[IoT]�������������ռ�[IoTZero.Areas.IoT.Controllers]&#xD;
00:27:04.673 56 N L Menu.Count ���ټ������¼�����Ǿ�ȷ��[Menu/Membership] �ο�ֵ 48&#xD;
00:27:04.673 56 N L [Membership] Select Count(*) From Menu&#xD;
00:27:04.676 20 N - ע���������NewLife.Cube.EntityAuthorizeAttribute&#xD;
00:27:04.749 54 N L [Membership] Select * From Role&#xD;
00:27:04.751 20 N - ��ʼע��Ȩ�޹�������[Cube]�������������ռ�[NewLife.Cube.Areas.Cube.Controllers]&#xD;
00:27:04.755 53 N L ��ʼע��Ȩ�޹�������[Nodes]�������������ռ�[ZeroServer.Areas.Nodes.Controllers]&#xD;
00:27:04.757 54 N L [Membership] Select * From Menu&#xD;
00:27:04.759 53 N L ��ʼע��Ȩ�޹�������[Admin]�������������ռ�[NewLife.Cube.Areas.Admin.Controllers]&#xD;
00:27:04.759 47 N L ���������ļ��أ�orderRedis,pluginServer&#xD;
00:27:04.764 47 N L �Զ�Ϊ[Zero]����SQLite�����ַ�����Data Source=Data\Zero.db;Migration=On&#xD;
00:27:04.764 50 N L �Զ�Ϊ[StardustData]����SQLite�����ַ�����Data Source=Data\StardustData.db;Migration=On&#xD;
00:27:04.764 52 N L �Զ�Ϊ[Log]����SQLite�����ַ�����Data Source=Data\Log.db;Migration=On&#xD;
00:27:04.765 47 N L ��ʼ�����ݿ⣺Zero/SQLite ʵ����[1]��Node&#xD;
00:27:04.765 50 N L ��ʼ�����ݿ⣺StardustData/SQLite ʵ����[2]��NodeHistory,NodeOnline&#xD;
00:27:04.765 52 N L ��ʼ�����ݿ⣺Log/SQLite ʵ����[4]��Log,UserOnline,NotificationRecord,VerifyCodeRecord&#xD;
00:27:04.766 47 N L [Zero]��������ݱ���Node&#xD;
00:27:04.766 50 N L [StardustData]��������ݱ���NodeHistory,NodeOnline&#xD;
00:27:04.766 50 N L [StardustData] select * from sqlite_master&#xD;
00:27:04.766 47 N L [Zero] select * from sqlite_master&#xD;
00:27:04.769 52 N L [Log]��������ݱ���Log,UserOnline,NotificationRecord,VerifyCodeRecord&#xD;
00:27:04.771 50 N L Data Source=C:\X\NewLife.Remoting\XUnitTest.Samples\bin\Release\net10.0\Data\StardustData.db;Cache Size=-524288;Synchronous=Off;Journal Mode=WAL&#xD;
00:27:04.771 47 N L Data Source=C:\X\NewLife.Remoting\XUnitTest.Samples\bin\Release\net10.0\Data\Zero.db;Cache Size=-524288;Synchronous=Off;Journal Mode=WAL&#xD;
00:27:04.771 50 N L [StardustData] DataSource=C:\X\NewLife.Remoting\XUnitTest.Samples\bin\Release\net10.0\Data\StardustData.db Database= User=&#xD;
00:27:04.771 47 N L [Zero] DataSource=C:\X\NewLife.Remoting\XUnitTest.Samples\bin\Release\net10.0\Data\Zero.db Database= User=&#xD;
00:27:04.772 52 N L Data Source=C:\X\NewLife.Remoting\XUnitTest.Samples\bin\Release\net10.0\Data\Log.db;Cache Size=-524288;Synchronous=Off;Journal Mode=WAL&#xD;
00:27:04.772 52 N L [Log] DataSource=C:\X\NewLife.Remoting\XUnitTest.Samples\bin\Release\net10.0\Data\Log.db Database= User=&#xD;
00:27:04.773 58 N L [Membership] Select * From Role&#xD;
00:27:04.781 58 N L [Membership] Select * From Menu&#xD;
00:27:04.785 59 N L [Membership] Select * From Role&#xD;
00:27:04.788 50 N L DDLģʽ[On]�����ֹ��޸ı�[NodeOnline]��&#xD;
Alter Table NodeOnline Drop Column WebSocket&#xD;
00:27:04.790 59 N L [Membership] Select * From Menu&#xD;
00:27:04.810 60 N L [Membership] Select * From Role&#xD;
00:27:04.819 60 N L [Membership] Select * From Menu&#xD;
00:27:05.019 20 N - ================================ End   ��ʼ��ħ�� ================================&#xD;
00:27:05.021 59 N L �ǳ�ע�����ģ�IRegistry�ṩ�������������ɸ��ݷ������Զ���ȡ�����ṩ�ߵĽڵ��ַ�����������÷����IApiClient�ͻ��ˣ������ݷ����ṩ�ߵ������������Զ���������ٷ����ַ��&#xD;
00:27:05.023 59 N L [App]���ѷ��� {"ServiceName":"StarWeb","ClientId":"10.0.0.3@6476","MinVersion":null,"Tag":null}&#xD;
00:27:05.023 20 N - DataProtectionʹ�����ݿ�־û���Կ��Key=DataProtection-Keys&#xD;
00:27:05.051 15 Y P StarWeb: http://star.newlifex.com&#xD;
info: Microsoft.Hosting.Lifetime[14]&#xD;
      Now listening on: http://127.0.0.1:55610&#xD;
info: Microsoft.Hosting.Lifetime[0]&#xD;
      Application started. Press Ctrl+C to shut down.&#xD;
info: Microsoft.Hosting.Lifetime[0]&#xD;
      Hosting environment: Testing&#xD;
info: Microsoft.Hosting.Lifetime[0]&#xD;
      Content root path: C:\X\NewLife.Remoting\Samples\IoTZero&#xD;
00:27:05.095 08 Y 17 IoTZeroWebFactory ��������ַ��http://127.0.0.1:55610&#xD;
00:27:05.096 08 Y 17 [IoT] DELETE FROM DeviceOnline&#xD;
00:27:05.101 18 N T ʵ�建��&lt;AppModule&gt;(0)      �ܴ���          1	[NewLife.Cube.Entity.AppModule]&#xD;
00:27:05.101 18 N T ʵ�建��&lt;Parameter&gt;(87)     �ܴ���          6������          5��83.33%��	[XCode.Membership.Parameter]&#xD;
00:27:05.101 18 N T ʵ�建��&lt;Menu&gt;(48)          �ܴ���        215������        214��99.53%��	[XCode.Membership.Menu]&#xD;
00:27:05.101 18 N T ʵ�建��&lt;CronJob&gt;(5)        �ܴ���          1	[NewLife.Cube.Entity.CronJob]&#xD;
00:27:05.104 08 Y 17 [IoT] DELETE FROM DeviceHistory&#xD;
00:27:05.109 08 Y 17 [IoT] DELETE FROM Device&#xD;
00:27:05.114 08 Y 17 [IoT] DELETE FROM Product&#xD;
00:27:05.122 08 Y 17 IoTZero �������������&#xD;
00:27:05.122 08 Y 17 [IoT] Select * From Product&#xD;
00:27:05.136 08 Y 17 [IoT] Insert Into Product(Name,Code,Enable,DeviceCount,CreateUser,CreateUserId,CreateTime,CreateIP,UpdateUser,UpdateUserId,UpdateTime,UpdateIP) Values('��Ե���أ����ɲ��ԣ�','EdgeGateway',1,0,'Stone',0,'2026-08-01 00:27:04.0537210','10.0.0.3','Stone',0,'2026-08-01 00:27:04.0537210','10.0.0.3');Select last_insert_rowid() newid&#xD;
00:27:05.142 08 Y 17 IoTZero ��Ʒ��Ԥ�ã�Code=EdgeGateway, Id=31&#xD;
00:27:05.147 08 Y 17 ʹ��[DefaultOrderer/Ĭ�Ϸ���˳��]����: XUnitTest.Samples.IoTZero.IoTZeroIntegrationTests, ������9&#xD;
00:27:05.153 08 Y 17 XUnitTest.Samples.IoTZero.IoTZeroIntegrationTests-Step1_AutoRegisterLogin&#xD;
00:27:05.153 08 Y 17 XUnitTest.Samples.IoTZero.IoTZeroIntegrationTests-Step2_VerifyServerEntities&#xD;
00:27:05.153 08 Y 17 XUnitTest.Samples.IoTZero.IoTZeroIntegrationTests-Step3_Logout&#xD;
00:27:05.153 08 Y 17 XUnitTest.Samples.IoTZero.IoTZeroIntegrationTests-Step4_ReLoginWithNewSecret&#xD;
00:27:05.153 08 Y 17 XUnitTest.Samples.IoTZero.IoTZeroIntegrationTests-Step5_Ping&#xD;
00:27:05.153 08 Y 17 XUnitTest.Samples.IoTZero.IoTZeroIntegrationTests-Step6_WaitWebSocket&#xD;
00:27:05.153 08 Y 17 XUnitTest.Samples.IoTZero.IoTZeroIntegrationTests-Step7_SendCommandAndReceive&#xD;
00:27:05.153 08 Y 17 XUnitTest.Samples.IoTZero.IoTZeroIntegrationTests-Step8_Upgrade&#xD;
00:27:05.153 08 Y 17 XUnitTest.Samples.IoTZero.IoTZeroIntegrationTests-Step9_PostEvents&#xD;
00:27:05.169 08 Y 17 IoTZero ���Է����ַ��http://127.0.0.1:55610&#xD;
00:27:05.171 08 Y 17 [IoT] Delete From DeviceOnline Where 1=1&#xD;
00:27:05.176 08 Y 17 [IoT] Delete From DeviceHistory Where 1=1&#xD;
00:27:05.182 08 Y 17 [HttpDevice]��¼������ţ�1����Դ��&#xD;
00:27:05.361 15 Y P [Membership] Select * From AccessRule&#xD;
00:27:05.513 15 Y P [IoT] Select * From Device&#xD;
00:27:05.521 15 Y P [IoT] Select * From Product&#xD;
00:27:05.528 15 Y P [IoT] Insert Into Device(Code,Secret,ProductId,GroupId,Enable,Online,Period,PollingTime,Logins,OnlineTime,CreateUserId,CreateTime,CreateIP,UpdateUserId,UpdateTime,UpdateIP) Values('9ABD7866','UlrdIejnJHzMhres',31,0,1,0,60,1000,0,0,0,'2026-08-01 00:27:04.5708116','127.0.0.1',0,'2026-08-01 00:27:04.5708116','127.0.0.1');Select last_insert_rowid() newid&#xD;
00:27:05.535 15 Y P [IoT] Select * From Device&#xD;
00:27:05.543 15 Y P [IoT] Update Product Set DeviceCount=1,UpdateIP='127.0.0.1' Where Id=31&#xD;
00:27:05.553 15 Y P [IoT] Select * From DeviceOnline Where SessionId='10.0.0.3@6476' limit 1&#xD;
00:27:05.559 15 Y P [IoT] Select * From DeviceOnline Where SessionId='10.0.0.3@6476' limit 1&#xD;
00:27:05.569 15 Y P [IoT] Select * From DeviceOnline Where SessionId='10.0.0.3@6476' limit 1&#xD;
00:27:05.570 15 Y P [IoT] Insert Into DeviceOnline(SessionId,ProductId,DeviceId,Pings,LongLink,Delay,[Offset],CreateTime,CreateIP,UpdateTime) Values('10.0.0.3@6476',0,0,0,0,0,0,'2026-08-01 00:27:04.5708116','127.0.0.1','2026-08-01 00:27:04.5708116');Select last_insert_rowid() newid&#xD;
00:27:05.573 15 Y P [IoT] Update DeviceOnline Set ProductId=31,DeviceId=30,LoginTime='2026-08-01 00:27:05.5726990',Creator='X5',CreateTime='2026-08-01 00:27:05.5726990' Where Id=51&#xD;
00:27:05.607 08 Y P [HttpDevice]��¼�ɹ���9ABD7866����ţ�1����Դ��&#xD;
00:27:05.607 08 Y P [HttpDevice]�·���Կ��9ABD7866/UlrdIejnJHzMhres&#xD;
00:27:05.608 08 Y P �������ã�C:\X\NewLife.Remoting\XUnitTest.Samples\bin\Release\net10.0\Config\IoTClient.config��ԭ��"tp://127.0.0.1:53790&lt;/Server&gt;\r\n  &lt;!--�豸֤�顣��һ��һ��ʱ"���£�"tp://127.0.0.1:55610&lt;/Server&gt;\r\n  &lt;!--�豸֤�顣��һ��һ��ʱ"&#xD;
00:27:05.616 56 N L �Զ�ע��ɹ���DeviceCode=9ABD7866&#xD;
00:27:05.927 35 Y P �����ļ���д�룬���ݳ���=426&#xD;
00:27:05.936 16 N L === Step 2: ��֤�����ʵ�� ===&#xD;
00:27:06.036 35 Y T [Membership] Select * From CronJob&#xD;
00:27:06.251 35 Y P Device �Ѵ�����ID=30, Enable=True&#xD;
00:27:06.252 35 Y P [IoT] Select * From DeviceOnline Where DeviceId=30&#xD;
00:27:06.256 35 Y P DeviceOnline ����=1, DeviceId=30&#xD;
00:27:06.256 35 Y P DeviceOnline ����=1&#xD;
00:27:06.392 08 Y T UserOnline.Count ���ټ������¼�����Ǿ�ȷ��[UserOnline/Log] �ο�ֵ 14&#xD;
00:27:06.397 08 Y T [Membership] Select * From UserStat Where Date='2026-08-01 00:00:00'&#xD;
00:27:06.406 08 Y T [Membership] Update UserStat Set MaxOnline=19,UpdateTime='2026-08-01 00:27:05.5824019' Where ID=17&#xD;
00:27:06.459 08 Y P [IoT] Select * From DeviceHistory Where DeviceId=30 And [Action]='Http��¼'&#xD;
00:27:06.566 08 Y EQ [IoT] Insert Into DeviceHistory(Id,DeviceId,Name,[Action],Success,TraceId,Creator,CreateTime,CreateIP,Remark) Values(7488993652585672704,30,null,'��̬ע��',1,'0a00000317855152245980020e194c','X5','2026-08-01 00:27:05.5490232','127.0.0.1','{"ClientId":"10.0.0.3@6476","Version":"18.8.1","Compile":946656000000,"IP":"10.0.0.3,172.21.112.1","Macs":"D4-5D-64-B3-D9-5F","UUID":"0BDE6A9BCE4D358768F6E06BA78F0FC9","Time":1785515225308,"ProductKey":"EdgeGateway","Name":"X5"}'),(7488993652703113216,30,null,'Http��¼',1,'0a00000317855152245980020e194c','X5','2026-08-01 00:27:05.5785571','127.0.0.1','[/9ABD7866]��¼�ɹ� {"ClientId":"10.0.0.3@6476","Version":"18.8.1","Compile":946656000000,"IP":"10.0.0.3,172.21.112.1","Macs":"D4-5D-64-B3-D9-5F","UUID":"0BDE6A9BCE4D358768F6E06BA78F0FC9","Time":1785515225308,"ProductKey":"EdgeGateway","Name":"X5"}') On Conflict(Id) Do Update Set DeviceId=excluded.DeviceId,Name=excluded.Name,[Action]=excluded.[Action],Success=excluded.Success,TraceId=excluded.TraceId,Creator=excluded.Creator,CreateTime=excluded.CreateTime,CreateIP=excluded.CreateIP,Remark=excluded.Remark&#xD;
00:27:06.673 15 Y P [IoT] Select * From DeviceHistory Where DeviceId=30 And [Action]='Http��¼'&#xD;
00:27:06.677 15 Y P DeviceHistory ��¼��¼=1&#xD;
00:27:06.678 59 N L === Step 3: ע�� ===&#xD;
00:27:06.679 59 N L [HttpDevice]ע����9ABD7866 ���ɲ���ע��&#xD;
00:27:06.705 15 Y P [IoT] Select * From DeviceOnline Where SessionId='10.0.0.3@6476' limit 1&#xD;
00:27:06.712 15 Y P [IoT] Update DeviceOnline Set LoginTime=null,UpdateTime='2026-08-01 00:27:05.5824019' Where Id=51&#xD;
00:27:07.219 15 Y P [IoT] Select * From DeviceOnline Where DeviceId=30&#xD;
00:27:07.426 15 Y P [IoT] Select * From DeviceHistory Where DeviceId=30 And [Action]='Http�豸����'&#xD;
00:27:07.646 15 Y P [IoT] Select * From DeviceHistory Where DeviceId=30 And [Action]='Http�豸����'&#xD;
00:27:07.862 15 Y P [IoT] Select * From DeviceHistory Where DeviceId=30 And [Action]='Http�豸����'&#xD;
00:27:08.073 15 Y P [IoT] Select * From DeviceHistory Where DeviceId=30 And [Action]='Http�豸����'&#xD;
00:27:08.284 15 Y P [IoT] Select * From DeviceHistory Where DeviceId=30 And [Action]='Http�豸����'&#xD;
00:27:08.366 15 Y T [Membership] Select Count(ID) as ID,sum(case when LastLogin&gt;'2026-08-01' then 1 else 0 end) activeT1,sum(case when LastLogin&gt;'2026-07-25' then 1 else 0 end) activeT7,sum(case when LastLogin&gt;'2026-07-02' then 1 else 0 end) activeT30,sum(case when RegisterTime&gt;'2026-08-01' then 1 else 0 end) newT1,sum(case when RegisterTime&gt;'2026-07-25' then 1 else 0 end) newT7,sum(case when RegisterTime&gt;'2026-07-02' then 1 else 0 end) newT30 From User limit 1&#xD;
00:27:08.373 15 Y T [Membership] Select * From UserStat Where Date='2026-08-01 00:00:00'&#xD;
00:27:08.498 15 Y P [IoT] Select * From DeviceHistory Where DeviceId=30 And [Action]='Http�豸����'&#xD;
00:27:08.703 08 Y T [IoT] Select * From DeviceHistory Where DeviceId=30 And [Action]='Http�豸����'&#xD;
00:27:08.832 08 Y T �ǳ�������� Server=http://star.newlifex.com:6600 AppId=testhost ClientId=10.0.0.3@6476&#xD;
00:27:08.920 23 Y P [IoT] Select * From DeviceHistory Where DeviceId=30 And [Action]='Http�豸����'&#xD;
00:27:09.133 08 Y P [IoT] Select * From DeviceHistory Where DeviceId=30 And [Action]='Http�豸����'&#xD;
00:27:09.350 08 Y P [IoT] Select * From DeviceHistory Where DeviceId=30 And [Action]='Http�豸����'&#xD;
00:27:09.558 08 Y P [IoT] Select * From DeviceHistory Where DeviceId=30 And [Action]='Http�豸����'&#xD;
00:27:09.769 08 Y P [IoT] Select * From DeviceHistory Where DeviceId=30 And [Action]='Http�豸����'&#xD;
00:27:09.980 08 Y P [IoT] Select * From DeviceHistory Where DeviceId=30 And [Action]='Http�豸����'&#xD;
00:27:10.028 08 Y T ������ݷֱ�������������ʼ���ڣ�2026-07-02&#xD;
00:27:10.028 15 Y T DeviceOnline.Count ���ټ������¼�����Ǿ�ȷ��[DeviceOnline/IoT] �ο�ֵ 1&#xD;
00:27:10.028 15 Y T [IoT] Select Count(*) From DeviceOnline&#xD;
00:27:10.028 08 Y T [IoT] select * from sqlite_master&#xD;
00:27:10.037 08 Y T ������������ݱ�[2]��DeviceData_20260801,DeviceData_20260802&#xD;
00:27:10.037 08 Y T [IoT]��������ݱ���DeviceData_20260801,DeviceData_20260802&#xD;
00:27:10.037 08 Y T [IoT] select * from sqlite_master&#xD;
00:27:10.039 08 Y T ������ݱ����&#xD;
00:27:10.074 15 Y T [IoT] Select * From DeviceOnline Where UpdateTime&lt;'2026-08-01 00:17:10.0746013'&#xD;
00:27:10.196 15 Y P [IoT] Select * From DeviceHistory Where DeviceId=30 And [Action]='Http�豸����'&#xD;
00:27:10.413 15 Y P [IoT] Select * From DeviceHistory Where DeviceId=30 And [Action]='Http�豸����'&#xD;
00:27:10.629 15 Y P [IoT] Select * From DeviceHistory Where DeviceId=30 And [Action]='Http�豸����'&#xD;
00:27:10.637 23 Y T [HttpDevice]��¼��9ABD7866����ţ�2����Դ��Thing/PostData&#xD;
00:27:10.845 23 Y T [IoT] Select * From DeviceHistory Where DeviceId=30 And [Action]='Http�豸����'&#xD;
00:27:10.852 29 Y P [IoT] Select * From DeviceOnline Where SessionId='10.0.0.3@6476' limit 1&#xD;
00:27:10.858 29 Y P [IoT] Update DeviceOnline Set LoginTime='2026-08-01 00:27:10.8577551',UpdateTime='2026-08-01 00:27:09.7339790' Where Id=51&#xD;
00:27:10.865 08 Y P [HttpDevice]��¼�ɹ�������ţ�2����Դ��Thing/PostData&#xD;
00:27:10.917 29 Y P [IoT] Select * From DeviceOnline Where SessionId='10.0.0.3@6476' limit 1&#xD;
00:27:10.923 29 Y P [IoT] Select * From DeviceOnline Where SessionId='10.0.0.3@6476' limit 1&#xD;
00:27:10.929 29 Y P [IoT] Select * From Product&#xD;
00:27:10.937 29 Y P [IoT] Update Device Set Online=1,UpdateTime='2026-08-01 00:27:10.2331950' Where Id=30&#xD;
00:27:10.943 29 Y P DeviceProperty.Count ���ټ������¼�����Ǿ�ȷ��[DeviceProperty/IoT] �ο�ֵ 26&#xD;
00:27:10.943 29 Y P [IoT] Select Count(*) From DeviceProperty&#xD;
00:27:10.950 29 Y P [IoT] Select * From DeviceProperty&#xD;
00:27:10.961 29 Y P [IoT] Insert Into DeviceProperty(DeviceId,Name,NickName,Enable,TraceId,CreateTime,CreateIP,UpdateTime,UpdateIP) Values(30,'TestValue','TestValue',1,'0a0000031785515230234004de194c','2026-08-01 00:27:10.9610366','127.0.0.1','2026-08-01 00:27:10.2331950','127.0.0.1');Select last_insert_rowid() newid&#xD;
00:27:11.061 08 Y P [IoT] Select * From DeviceHistory Where DeviceId=30 And [Action]='Http�豸����'&#xD;
00:27:11.280 08 Y P [IoT] Select * From DeviceHistory Where DeviceId=30 And [Action]='Http�豸����'&#xD;
00:27:11.497 08 Y P [IoT] Select * From DeviceHistory Where DeviceId=30 And [Action]='Http�豸����'&#xD;
00:27:11.575 08 Y EQ [IoT] Insert Into DeviceHistory(Id,DeviceId,Name,[Action],Success,TraceId,Creator,CreateTime,CreateIP,Remark) Values(7488993657455259648,30,null,'Http�豸����',1,'0a0000031785515225971002be194c','X5','2026-08-01 00:27:06.7117451','127.0.0.1','���ɲ���ע�� [/10.0.0.3@6476]]��¼��2026/8/1 0:27:05������Ծ��2026/8/1 0:27:04'),(7488993674844844032,30,null,'Http��¼',1,'0a00000317855152301990047e194c','X5','2026-08-01 00:27:10.8578405','127.0.0.1','[/9ABD7866]��¼�ɹ� {"Code":"9ABD7866","Secret":"$md5$1785515230$097DBEEEC3ECC77588CF4EF2E2E01015","ClientId":"10.0.0.3@6476","Version":"18.8.1","Compile":946656000000,"IP":"10.0.0.3,172.21.112.1","Macs":"D4-5D-64-B3-D9-5F","UUID":"0BDE6A9BCE4D358768F6E06BA78F0FC9","Time":1785515230831,"ProductKey":"EdgeGateway","Name":"X5"}'),(7488993675201359872,30,null,'����',1,'0a0000031785515230234004de194c','X5','2026-08-01 00:27:10.9424924','127.0.0.1','�豸���ߡ�PostData') On Conflict(Id) Do Update Set DeviceId=excluded.DeviceId,Name=excluded.Name,[Action]=excluded.[Action],Success=excluded.Success,TraceId=excluded.TraceId,Creator=excluded.Creator,CreateTime=excluded.CreateTime,CreateIP=excluded.CreateIP,Remark=excluded.Remark&#xD;
00:27:11.715 29 Y P [IoT] Select * From DeviceHistory Where DeviceId=30 And [Action]='Http�豸����'&#xD;
00:27:11.721 29 Y P ע���ɹ���DeviceHistory ���߼�¼=1&#xD;
00:27:11.722 64 N L === Step 4: �޸���Կ���ص� ===&#xD;
00:27:11.722 64 N L [IoT] Select * From Device&#xD;
00:27:11.727 64 N L [IoT] Update Device Set Secret='fLMSwMw23VyoCTJ5' Where Id=30&#xD;
00:27:11.964 29 Y EQ [IoT] Update DeviceProperty Set Value='49' Where Id=28&#xD;
00:27:11.972 29 Y EQ [IoT]��������ݱ���DeviceData_20260801&#xD;
00:27:11.972 29 Y EQ [IoT] select * from sqlite_master&#xD;
00:27:11.979 29 Y EQ [IoT] Insert Into DeviceData_20260801(Id,DeviceId,Name,Kind,Value,Timestamp,TraceId,Creator,CreateTime,CreateIP) Values(7488993673921806337,30,'TestValue','PostData','49',1785515230637,'0a0000031785515230234004de194c','X5','2026-08-01 00:27:10.9679213','127.0.0.1')&#xD;
00:27:12.043 29 Y P [IoT] Select * From DeviceOnline Where DeviceId=30&#xD;
00:27:12.257 29 Y P [IoT] Select * From DeviceHistory Where DeviceId=30 And [Action]='Http��¼'&#xD;
00:27:12.262 29 Y P �صǳɹ���DeviceHistory ��¼��¼��=2&#xD;
00:27:12.263 68 N L === Step 5: ���� ===&#xD;
00:27:12.263 68 N L [IoT] Select * From DeviceOnline Where DeviceId=30 limit 1&#xD;
00:27:12.470 29 Y P [IoT] Select * From DeviceOnline Where SessionId='10.0.0.3@6476' limit 1&#xD;
00:27:12.477 29 Y P [IoT] Select * From Device&#xD;
00:27:12.482 29 Y P [IoT] Update DeviceOnline Set IP='10.0.0.3,172.21.112.1',Pings=Pings+1,Delay=170,LocalTime='2026-08-01 00:27:12.3970000',Token='eyJhbGciOiJIUzI1NiJ9.eyJpc3MiOiJ0ZXN0aG9zdCIsInN1YiI6IjlBQkQ3ODY2IiwiZXhwIjoxNzg1NTIyNDMwLCJpYXQiOjE3ODU1MTUyMzAsImp0aSI6IjEwLjAuMC4zQDY0NzYifQ.v8mlX5r4jovDegrvbbZmI_ywIOFJ5go8wRSWPfmEJFs',UpdateTime='2026-08-01 00:27:11.7787425',Remark='{"Memory":68608045056,"AvailableMemory":12074209280,"FreeMemory":12074209280,"TotalSize":499389480960,"AvailableFreeSpace":104636743680,"CpuRate":0.459,"Temperature":0,"Battery":1,"Signal":98,"UplinkSpeed":3875439,"DownlinkSpeed":792477,"IP":"10.0.0.3,172.21.112.1","Uptime":1596998,"Time":1785515232397,"Delay":170}' Where Id=51&#xD;
00:27:12.498 69 N L �������ã�C:\X\NewLife.Remoting\XUnitTest.Samples\bin\Release\net10.0\Config\IoTClient.config��ԭ��"  &lt;DeviceSecret&gt;UlrdIejnJHzMhres&lt;/DeviceSecret&gt;\r"���£�"  &lt;DeviceSecret&gt;fLMSwMw23VyoCTJ5&lt;/DeviceSecret&gt;\r"&#xD;
00:27:12.813 15 Y P [IoT] Select * From DeviceOnline Where DeviceId=30 limit 1&#xD;
00:27:12.818 15 Y P �����ɹ���Pings=1&#xD;
00:27:12.820 73 N L === Step 6: �ȴ� WebSocket ���� ===&#xD;
00:27:12.820 73 N L [IoT] Select * From DeviceOnline Where DeviceId=30 limit 1&#xD;
00:27:13.031 15 Y P [IoT] Select * From DeviceOnline Where DeviceId=30 limit 1&#xD;
00:27:13.244 15 Y P [IoT] Select * From DeviceOnline Where DeviceId=30 limit 1&#xD;
00:27:13.460 15 Y P [IoT] Select * From DeviceOnline Where DeviceId=30 limit 1&#xD;
00:27:13.492 15 Y EQ [IoT] Update Device Set IP='10.0.0.3,172.21.112.1',UpdateTime='2026-08-01 00:27:11.7787425' Where Id=30&#xD;
00:27:13.677 15 Y P [IoT] Select * From DeviceOnline Where DeviceId=30 limit 1&#xD;
00:27:13.894 08 Y P [IoT] Select * From DeviceOnline Where DeviceId=30 limit 1&#xD;
00:27:14.112 08 Y P [IoT] Select * From DeviceOnline Where DeviceId=30 limit 1&#xD;
00:27:14.328 08 Y P [IoT] Select * From DeviceOnline Where DeviceId=30 limit 1&#xD;
00:27:14.547 23 Y T [IoT] Select * From DeviceOnline Where DeviceId=30 limit 1&#xD;
00:27:14.669 08 Y T [IoT] Select * From DeviceOnline Where SessionId='10.0.0.3@6476' limit 1&#xD;
00:27:14.673 08 Y T [IoT] Update DeviceOnline Set Pings=Pings+1,Delay=135,LocalTime='2026-08-01 00:27:14.6120000',UpdateTime='2026-08-01 00:27:13.8043718',Remark='{"Memory":68608045056,"AvailableMemory":12666007552,"FreeMemory":12666007552,"TotalSize":499389480960,"AvailableFreeSpace":104636813312,"CpuRate":0.284,"Temperature":0,"Battery":1,"Signal":98,"UplinkSpeed":3338603,"DownlinkSpeed":774597,"IP":"10.0.0.3,172.21.112.1","Uptime":1597000,"Time":1785515234612,"Delay":135}' Where Id=51&#xD;
00:27:14.686 23 Y T [IoT] Select * From DeviceOnline Where SessionId='10.0.0.3@6476' limit 1&#xD;
00:27:14.702 23 Y T [IoT] Update DeviceOnline Set LongLink=1 Where Id=51&#xD;
00:27:14.768 15 Y P [IoT] Select * From DeviceOnline Where DeviceId=30 limit 1&#xD;
00:27:14.783 15 Y P LongLink �ѽ�����SessionId=10.0.0.3@6476&#xD;
00:27:14.786 79 N L === Step 7: SendCommand Ͷ�� ===&#xD;
00:27:14.808 08 Y T [HttpDevice]������&#xD;
00:27:14.812 15 Y P [IoT] Insert Into DeviceHistory(Id,DeviceId,Name,[Action],Success,TraceId,Creator,CreateTime,CreateIP,Remark) Values(7488993691433316352,30,null,'��������',1,'0a0000031785515234157006ee194c','X5','2026-08-01 00:27:14.8121219','127.0.0.1','{"Id":668475163,"Command":"test:echo","Argument":"hello","TraceId":"0a0000031785515234157006ee194c","Status":0}')&#xD;
00:27:14.821 35 Y P [IoT] Select * From DeviceOnline Where SessionId='10.0.0.3@6476' limit 1&#xD;
00:27:14.827 29 Y P SendCommand HTTP ״̬=OK&#xD;
00:27:14.838 29 Y P [HttpDevice][WebSocket] �յ�����: {"Id":668475163,"Command":"test:echo","Argument":"hello","StartTime":"","Expire":"","TraceId":"0a0000031785515234157006ee194c","Status":0}&#xD;
00:27:14.839 27 Y P ���յ����Command=test:echo, Argument=hello&#xD;
00:27:14.843 83 N L === Step 8: ������� ===&#xD;
00:27:14.844 83 N L [HttpDevice]������&#xD;
00:27:14.846 29 Y P NewLife.Remoting.ApiException: �Ҳ�������[test:echo]&#xD;
   at NewLife.Remoting.Clients.CommandClientHelper.OnCommand(ICommandClient client, CommandModel model, CancellationToken cancellationToken) in C:\X\NewLife.Remoting\NewLife.Remoting\Clients\ICommandClient.cs:line 150&#xD;
   at NewLife.Remoting.Clients.CommandClientHelper.ExecuteCommand(ICommandClient client, CommandModel model, CancellationToken cancellationToken) in C:\X\NewLife.Remoting\NewLife.Remoting\Clients\ICommandClient.cs:line 111&#xD;
00:27:14.847 23 Y P [IoT] Select * From DeviceOnline Where SessionId='10.0.0.3@6476' limit 1&#xD;
00:27:14.854 85 N L �������ɹ���info=null����������&#xD;
00:27:14.855 89 N L === Step 9: �¼��ϱ� ===&#xD;
00:27:14.862 27 Y P [IoT] Select * From DeviceOnline Where SessionId='10.0.0.3@6476' limit 1&#xD;
00:27:14.862 29 Y P [IoT] Select * From DeviceOnline Where SessionId='10.0.0.3@6476' limit 1&#xD;
00:27:14.905 29 Y P [IoT] Insert Into DeviceHistory(Id,DeviceId,Name,[Action],Success,TraceId,Creator,CreateTime,CreateIP,Remark) Values(7488993691823386624,30,null,'TestEvent1',1,'0a00000317855152342230078e194c','X5','2026-08-01 00:27:14.9052881','127.0.0.1','IoTZero ���ɲ����¼�1'),(7488993691823386625,30,null,'TestEvent2',1,'0a00000317855152342230078e194c','X5','2026-08-01 00:27:14.9053377','127.0.0.1','IoTZero ���ɲ����¼�2')&#xD;
00:27:14.913 08 Y T �¼��ϱ��ɹ�����������=2&#xD;
00:27:14.916 94 N L [HttpDevice]ע����9ABD7866 Dispose&#xD;
00:27:14.917 08 Y T [IoT] Select * From DeviceOnline Where SessionId='10.0.0.3@6476' limit 1&#xD;
00:27:14.922 08 Y T [IoT] Select * From Device&#xD;
00:27:14.927 08 Y T [IoT] Update Device Set OnlineTime=OnlineTime+2,UpdateTime='2026-08-01 00:27:13.8043718' Where Id=30&#xD;
00:27:14.931 08 Y T [IoT] Update DeviceOnline Set LongLink=0,LoginTime=null Where Id=51&#xD;
00:27:14.936 08 Y T [IoT] Select * From Device&#xD;
00:27:14.940 08 Y T [IoT] Update Device Set Online=0 Where Id=30&#xD;
info: Microsoft.Hosting.Lifetime[0]&#xD;
      Application is shutting down...&#xD;
00:27:14.948 23 Y P [IoT] Update DeviceOnline Set LongLink=0,UpdateTime='2026-08-01 00:27:14.3155409' Where Id=51&#xD;
00:27:14.962 08 Y T [App]ע����testhost Dispose&#xD;
00:27:14.985 95 N - ���ڳ�ʼ���ǳ�����&#xD;
00:27:14.986 23 Y 22 [StarAgent]��Ⱥģʽ������ת��&#xD;
00:27:14.986 23 Y 22 [StarAgent]��Ⱥ���ӣ�udp://127.0.0.1:5500&#xD;
00:27:14.991 95 N - �����ǳ�̽��ʧ�ܣ�One or more errors occurred. (Cannot access a disposed object.&#xD;
Object name: 'IServiceProvider'.) Cost=5ms&#xD;
00:27:14.991 95 N - �����ǳ�ƽ̨��Server=http://star.newlifex.com:6600 AppId=testhost ClientId=10.0.0.3@6476&#xD;
00:27:14.992 95 N - �ǳ�������ģ�ITracer�ɼ����ϱ�Ӧ��������ݣ��Զ����Api�ӿڡ�Http�������ݿ������Redis�����ȡ������ڼ��ϵͳ����״̬�������ֲ�ʽϵͳ�ĵ�����������ƿ����&#xD;
00:27:14.993 95 N - �ǳ��������ģ�IConfigProvider���й������ã��Զ����������ļ����������ݲ�֧�ֱ��ʵʱ�·�������XCode���ݿ������ַ����ȡ���������ͬʱ֧�ַ���Ӧ��ʵ����ΨһWorkerId��ȷ��Snowflake�㷨�ܹ����ɾ���Ψһ��ѩ��Id&#xD;
00:27:14.993 95 N - [IoTServer/0]���ػ������ã�C:\X\NewLife.Remoting\XUnitTest.Samples\bin\Release\net10.0\Data\dbConfig_IoTServer.json&#xD;
00:27:14.994 08 Y T [Membership] Select * From Parameter&#xD;
00:27:14.998 95 N - ================================ Start ����ħ�� ================================&#xD;
00:27:14.998 95 N - NewLife.Cube v6.12.2026.0708 Build 2026-07-08 04:24:56 .NET 10.0&#xD;
00:27:14.998 95 N - ħ�����ٿ���ƽ̨MVC�� ?2002-2026 NewLife&#xD;
00:27:15.002 95 N - ע��������ͼ���\udab2\udfe3�NewLife.Cube, Version=6.12.9685.7948, Culture=neutral, PublicKeyToken=8343210f0b524456&#xD;
00:27:15.002 95 N - ע��������ͼ���\udab2\udfe3�IoTZero, Version=1.0.9709.810, Culture=neutral, PublicKeyToken=null&#xD;
00:27:15.002 95 N - ע��������ͼ���\udab2\udfe3�ZeroServer, Version=1.0.9709.810, Culture=neutral, PublicKeyToken=null&#xD;
00:27:15.002 95 N - AI �����ã�Provider=NewLifeAI Model=newlife-flash&#xD;
00:27:15.002 95 N - ================================ End   ����ħ�� ================================&#xD;
00:27:15.002 44 Y 24 [Membership] Select * From AppModule&#xD;
00:27:15.002 22 Y 25 [Membership] Select * From CronJob&#xD;
00:27:15.002 96 N L [Membership] Select * From CronJob&#xD;
00:27:15.014 95 N - ================================ Start ��ʼ��ħ�� ================================&#xD;
00:27:15.014 95 N - �첽��ʼ���������ݿ����ӵ�ʵ��������ݱ�&#xD;
00:27:15.015 99 N L ��ʼ�����ݿ⣺Zero/SQLite ʵ����[1]��Node&#xD;
00:27:15.015 100 N L ��ʼ�����ݿ⣺StardustData/SQLite ʵ����[2]��NodeHistory,NodeOnline&#xD;
00:27:15.015 99 N L [Zero]��������ݱ���Node&#xD;
00:27:15.015 100 N L [StardustData]��������ݱ���NodeHistory,NodeOnline&#xD;
00:27:15.015 99 N L [Zero] select * from sqlite_master&#xD;
00:27:15.015 100 N L [StardustData] select * from sqlite_master&#xD;
00:27:15.015 101 N L ��ʼ�����ݿ⣺IoT/SQLite ʵ����[7]��Product,Device,DeviceGroup,DeviceHistory,DeviceOnline,DeviceProperty,DeviceData&#xD;
00:27:15.015 102 N L ��ʼ�����ݿ⣺Log/SQLite ʵ����[4]��Log,UserOnline,NotificationRecord,VerifyCodeRecord&#xD;
00:27:15.015 101 N L [IoT]��������ݱ���Product,Device,DeviceGroup,DeviceHistory,DeviceOnline,DeviceProperty&#xD;
00:27:15.015 101 N L [IoT] select * from sqlite_master&#xD;
00:27:15.015 102 N L [Log]��������ݱ���Log,UserOnline,NotificationRecord,VerifyCodeRecord&#xD;
00:27:15.015 103 N L ��ʼ�����ݿ⣺Membership/SQLite ʵ����[7]��User,Menu,Role,Department,UserToken,UserStat,UserConnect&#xD;
00:27:15.015 103 N L [Membership]��������ݱ���User,Menu,Role,Department,UserToken,UserStat,UserConnect&#xD;
00:27:15.015 103 N L [Membership] select * from sqlite_master&#xD;
00:27:15.015 104 N L ��ʼ�����ݿ⣺Cube/SQLite ʵ����[16]��OAuthLog,OAuthConfig,PrincipalAgent,CronJob,AppModule,AppLog,App,SmsConfig,AccessRule,MailConfig,Attachment,LovDefinition,LovEnumItem,LovListConfig,LovSearchField,LovTableColumn&#xD;
00:27:15.015 26 Y 33 [Membership] select * from sqlite_master&#xD;
00:27:15.015 27 Y 34 [Membership] Select * From Menu&#xD;
00:27:15.015 104 N L [Membership]��������ݱ���OAuthLog,OAuthConfig,PrincipalAgent,CronJob,AppModule,AppLog,OAuthApp,SmsConfig,AccessRule,MailConfig,Attachment,LovDefinition,LovEnumItem,LovListConfig,LovSearchField,LovTableColumn&#xD;
00:27:15.015 104 N L [Membership] select * from sqlite_master&#xD;
00:27:15.015 95 N - ��ʼ��ManageProvider&#xD;
00:27:15.015 95 N - ContentRootPath=C:\X\NewLife.Remoting\Samples\ZeroServer&#xD;
00:27:15.015 95 N - WebRootPath=C:\X\NewLife.Remoting\XUnitTest.Samples\bin\Release\net10.0\wwwroot&#xD;
00:27:15.016 95 N - ע��ħ������·��&#xD;
00:27:15.018 95 N - ע��ʵ��ģ�Ͱ�����NewLife.Cube.EntityModelBinderProvider&#xD;
00:27:15.030 100 N L DDLģʽ[On]�����ֹ��޸ı�[NodeOnline]��&#xD;
Alter Table NodeOnline Drop Column WebSocket&#xD;
00:27:15.032 101 N L DDLģʽ[On]�����ֹ��޸ı�[DeviceOnline]��&#xD;
Alter Table DeviceOnline Drop Column WebSocket&#xD;
00:27:15.039 26 Y P [testhost]��ʼ���ֲ�ʽ�ļ��洢���ڵ㣺10.0.0.3@6476&#xD;
00:27:15.040 27 Y T [Membership] Delete From OAuthLog Where Id&lt;7478122056412823552 And UserId=0&#xD;
00:27:15.041 26 Y P [App]�ǳ��¼����ߣ�Ӧ���¼�ͨ�� WebSocket �ϱ��� StarServer��StarServer �ڲ��� EventHub �� topic �ַ�����Ӧ���¼����ߣ����ĸ� topic ������ WebSocket �Ự�ٰ���Ϣ�·���Ŀ��Ӧ�á�StarServer ���岿��ʱ�ڲ�����ʹ���ڴ�ʵ�֣���Ⱥ����ʱ�ڲ�����ʹ�� Redis ����ʵ�֡�&#xD;
00:27:15.045 27 Y T ɾ��[2026-07-02 00:27:15]֮ǰ�� OAuthLog ����0&#xD;
00:27:15.046 27 Y T [Membership] Delete From AppLog Where Id&lt;7478122056412823552 And [Action]='Authorize' And CreateUser Is Null&#xD;
00:27:15.050 27 Y T ɾ��[2026-07-02 00:27:15]֮ǰ�� AppLog ����0&#xD;
00:27:15.055 23 Y T [App]TryConnectServer: Cannot access a disposed object.&#xD;
Object name: 'IServiceProvider'.&#xD;
00:27:15.055 27 Y T ɾ��[2026-07-02 00:27:15]֮ǰ�� Log ����0&#xD;
00:27:15.176 95 N - ================================ End   ��ʼ��ħ�� ================================&#xD;
00:27:15.176 103 N L �ǳ�ע�����ģ�IRegistry�ṩ�������������ɸ��ݷ������Զ���ȡ�����ṩ�ߵĽڵ��ַ�����������÷����IApiClient�ͻ��ˣ������ݷ����ṩ�ߵ������������Զ���������ٷ����ַ��&#xD;
00:27:15.176 103 N L [App]���ѷ��� {"ServiceName":"StarWeb","ClientId":"10.0.0.3@6476","MinVersion":null,"Tag":null}&#xD;
00:27:15.176 103 N L [App]���ڵ�¼�����Ե�5000ms����ţ�2����Դ��App/ResolveService&#xD;
00:27:15.178 95 N - DataProtectionʹ�����ݿ�־û���Կ��Key=DataProtection-Keys&#xD;
info: Microsoft.Hosting.Lifetime[14]&#xD;
      Now listening on: http://127.0.0.1:55784&#xD;
info: Microsoft.Hosting.Lifetime[0]&#xD;
      Application started. Press Ctrl+C to shut down.&#xD;
info: Microsoft.Hosting.Lifetime[0]&#xD;
      Hosting environment: Testing&#xD;
info: Microsoft.Hosting.Lifetime[0]&#xD;
      Content root path: C:\X\NewLife.Remoting\Samples\ZeroServer&#xD;
00:27:15.207 94 N L ZeroServerWebFactory ��������ַ��http://127.0.0.1:55784&#xD;
00:27:15.207 94 N L ʹ��[DefaultOrderer/Ĭ�Ϸ���˳��]����: XUnitTest.Samples.ZeroServer.ZeroServerIntegrationTests, ������9&#xD;
00:27:15.207 94 N L XUnitTest.Samples.ZeroServer.ZeroServerIntegrationTests-Step1_AutoRegisterLogin&#xD;
00:27:15.207 94 N L XUnitTest.Samples.ZeroServer.ZeroServerIntegrationTests-Step2_VerifyServerEntities&#xD;
00:27:15.207 94 N L XUnitTest.Samples.ZeroServer.ZeroServerIntegrationTests-Step3_Logout&#xD;
00:27:15.207 94 N L XUnitTest.Samples.ZeroServer.ZeroServerIntegrationTests-Step4_ReLoginWithNewSecret&#xD;
00:27:15.207 94 N L XUnitTest.Samples.ZeroServer.ZeroServerIntegrationTests-Step5_Ping&#xD;
00:27:15.207 94 N L XUnitTest.Samples.ZeroServer.ZeroServerIntegrationTests-Step6_WaitWebSocket&#xD;
00:27:15.207 94 N L XUnitTest.Samples.ZeroServer.ZeroServerIntegrationTests-Step7_SendCommandAndReply&#xD;
00:27:15.207 94 N L XUnitTest.Samples.ZeroServer.ZeroServerIntegrationTests-Step8_Upgrade&#xD;
00:27:15.207 94 N L XUnitTest.Samples.ZeroServer.ZeroServerIntegrationTests-Step9_PostEvents&#xD;
00:27:15.208 94 N L ZeroServer ���Է����ַ��http://127.0.0.1:55784&#xD;
00:27:15.208 94 N L [StardustData] Delete From NodeOnline Where 1=1&#xD;
00:27:15.212 94 N L [StardustData] Delete From NodeHistory Where 1=1&#xD;
00:27:15.216 94 N L [Node]��¼������ţ�1����Դ��&#xD;
00:27:15.400 27 Y P Node.Count ���ټ������¼�����Ǿ�ȷ��[Node/Zero] �ο�ֵ 1&#xD;
00:27:15.400 27 Y P [Zero] Select Count(*) From Node&#xD;
00:27:15.405 27 Y P [Zero] Select * From Node&#xD;
00:27:15.417 27 Y P IP���ݿ⣺C:\X\NewLife.Remoting\XUnitTest.Samples\bin\Release\net10.0\Data\ip.gz&#xD;
00:27:15.492 27 Y P IP��¼����1,491,882&#xD;
00:27:15.494 27 Y P ���ʵ��XCode.Membership.Area�����ݱ��ܹ���ģʽ��CheckTableWhenFirstUse&#xD;
00:27:15.494 27 Y P [Membership]��������ݱ���Area&#xD;
00:27:15.494 27 Y P [Membership] select * from sqlite_master&#xD;
00:27:15.499 27 Y P Area.Count ���ټ������¼�����Ǿ�ȷ��[Area/Membership] �ο�ֵ 0&#xD;
00:27:15.499 27 Y P [Membership] Select Count(*) From Area&#xD;
00:27:15.504 27 Y P [Membership] Select * From Area Where ID&gt;=100000 And ID&lt;=999999 Order By ID&#xD;
00:27:15.509 27 Y P [Membership] Select * From Area Where ParentID=0 Order By ID&#xD;
00:27:15.519 26 Y 37 [Membership] Select * From AccessRule&#xD;
00:27:15.520 27 Y P �������ã�C:\X\NewLife.Remoting\XUnitTest.Samples\bin\Release\net10.0\Config\Star.config��ԭ��"tp://127.0.0.1:53790&lt;/ServiceAddress&gt;\r\n  &lt;!--������"���£�"tp://127.0.0.1:55610&lt;/ServiceAddress&gt;\r\n  &lt;!--������"&#xD;
00:27:15.527 27 Y P [Node]��¼ʧ�ܣ�[Node/Login]Object reference not set to an instance of an object.����ţ�1����Դ��&#xD;
00:27:15.532 96 N L === Step 2: ��֤�����ʵ�� ===&#xD;
[xUnit.net 00:00:12.33]       NewLife.Remoting.ApiException : [Node/Login]Object reference not set to an instance of an object.&#xD;
[xUnit.net 00:00:12.33]       Stack Trace:&#xD;
[xUnit.net 00:00:12.33]         C:\X\NewLife.Remoting\NewLife.Remoting\Clients\ClientBase.cs(460,0): at NewLife.Remoting.Clients.ClientBase.InvokeAsync[TResult](String action, Object args, CancellationToken cancellationToken)&#xD;
[xUnit.net 00:00:12.33]         C:\X\NewLife.Remoting\NewLife.Remoting\Clients\ClientBase.cs(637,0): at NewLife.Remoting.Clients.ClientBase.Login(String source, CancellationToken cancellationToken)&#xD;
[xUnit.net 00:00:12.33]         C:\X\NewLife.Remoting\XUnitTest.Samples\ZeroServer\ZeroServerIntegrationTests.cs(50,0): at XUnitTest.Samples.ZeroServer.ZeroServerIntegrationTests.Step1_AutoRegisterLogin()&#xD;
[xUnit.net 00:00:12.33]         --- End of stack trace from previous location ---&#xD;
[xUnit.net 00:00:12.64]       Assert.NotNull() Failure: Value is null&#xD;
[xUnit.net 00:00:12.64]       Stack Trace:&#xD;
[xUnit.net 00:00:12.64]         C:\X\NewLife.Remoting\XUnitTest.Samples\ZeroServer\ZeroServerIntegrationTests.cs(90,0): at XUnitTest.Samples.ZeroServer.ZeroServerIntegrationTests.Step2_VerifyServerEntities()&#xD;
[xUnit.net 00:00:12.64]         --- End of stack trace from previous location ---&#xD;
00:27:15.844 89 N L === Step 3: ע�� ===&#xD;
00:27:15.845 89 N L [StardustData] Select * From NodeOnline Where NodeId=0&#xD;
00:27:16.059 88 N L [StardustData] Select * From NodeOnline Where NodeId=0&#xD;
00:27:16.197 22 Y T [Membership] Select * From CronJob&#xD;
00:27:16.273 22 Y P [StardustData] Select * From NodeOnline Where NodeId=0&#xD;
00:27:16.368 27 Y T [Membership] Select * From UserStat Where Date='2026-08-01 00:00:00'&#xD;
00:27:16.373 27 Y T [Membership] Update UserStat Set MaxOnline=22,UpdateTime='2026-08-01 00:27:15.9497627' Where ID=17&#xD;
00:27:16.488 44 Y P [StardustData] Select * From NodeOnline Where NodeId=0&#xD;
00:27:16.519 44 Y EQ [StardustData] Insert Into NodeHistory(Id,NodeId,Name,ProvinceID,CityID,[Action],Success,Version,CompileTime,TraceId,Creator,CreateTime,CreateIP,Content) Values(7488993694377799680,1,'X5',0,0,'��̬ע��',0,'18.8.1','2000-01-01 00:00:00','0a000003178551523536200a2e194c','X5','2026-08-01 00:27:15.4159481','127.0.0.1','[9ABD7866/9ABD7866]ע��ʧ�ܣ�Object reference not set to an instance of an object.'),(7488993694386188288,1,'X5',0,0,'Node/Login',0,'18.8.1','2000-01-01 00:00:00','0a000003178551523536200a2e194c','X5','2026-08-01 00:27:15.5165759','127.0.0.1','System.NullReferenceException: Object reference not set to an instance of an object.&#xD;
   at ZeroServer.Services.NodeService.OnRegister(DeviceContext context, ILoginRequest request) in C:\X\NewLife.Remoting\Samples\ZeroServer\Services\NodeService.cs:line 50&#xD;
   at NewLife.Remoting.Extensions.Services.DefaultDeviceService`2.Register(DeviceContext context, ILoginRequest request) in C:\X\NewLife.Remoting\NewLife.Remoting.Extensions\Services\DefaultDeviceService.cs:line 203&#xD;
   at NewLife.Remoting.Extensions.Services.DefaultDeviceService`2.Login(DeviceContext context, ILoginRequest request, String source) in C:\X\NewLife.Remoting\NewLife.Remoting.Extensions\Services\DefaultDeviceService.cs:line 97&#xD;
   at NewLife.Remoting.Extensions.BaseDeviceController.Login(ILoginRequest request) in C:\X\NewLife.Remoting\NewLife.Remoting.Extensions\Controllers\BaseDeviceController.cs:line 48&#xD;
   at lambda_method670(Closure, Object, Object[])&#xD;
   at Microsoft.AspNetCore.Mvc.Infrastructure.ActionMethodExecutor.SyncObjectResultExecutor.Execute(ActionContext actionContext, IActionResultTypeMapper mapper, ObjectMethodExecutor executor, Object controller, Object[] arguments)&#xD;
   at Microsoft.AspNetCore.Mvc.Infrastructure.ControllerActionInvoker.InvokeActionMethodAsync()&#xD;
   at Microsoft.AspNetCore.Mvc.Infrastructure.ControllerActionInvoker.Next(State&amp; next, Scope&amp; scope, Object&amp; state, Boolean&amp; isCompleted)&#xD;
   at Microsoft.AspNetCore.Mvc.Infrastructure.ControllerActionInvoker.InvokeNextActionFilterAsync()&#xD;
{&#xD;
  "request": {&#xD;
    "Code": null,&#xD;
    "Secret": null,&#xD;
    "ClientId": "10.0.0.3@6476",&#xD;
    "Version": "18.8.1",&#xD;
    "Compile": 946656000000,&#xD;
    "IP": "10.0.0.3,172.21.112.1",&#xD;
    "Macs": "D4-5D-64-B3-D9-5F",&#xD;
    "UUID": "0BDE6A9BCE4D358768F6E06BA78F0FC9",&#xD;
    "Time": 1785515235359,&#xD;
    "ProductKey": null,&#xD;
    "ProductSecret": null,&#xD;
    "Name": "X5"&#xD;
  },&#xD;
  "token": ""&#xD;
}')&#xD;
00:27:16.597 27 Y EQ [IoT] Insert Into DeviceHistory(Id,DeviceId,Name,[Action],Success,TraceId,Creator,CreateTime,CreateIP,Remark) Values(7488993691668197376,30,null,'������Ӧ',1,'0a00000317855152342150076e194c','X5','2026-08-01 00:27:14.8687309','127.0.0.1','{"Id":668475163,"Status":4,"Data":"�Ҳ�������[test:echo]"}'),(7488993691894689792,30,null,'Http�豸����',1,'0a0000031785515234284007be194c','X5','2026-08-01 00:27:14.9226153','127.0.0.1','Dispose [/10.0.0.3@6476]]��¼��2026/8/1 0:27:05������Ծ��2026/8/1 0:27:13'),(7488993692003741696,30,null,'WebSocket�Ͽ�',1,null,'X5','2026-08-01 00:27:14.9487731','127.0.0.1','State=Aborted CloseStatus= sid=1061878616 Remote=127.0.0.1:55779'),(7488993690971942912,30,null,'WebSocket����',1,'0a0000031785515234047006ae194c','X5','2026-08-01 00:27:14.7023863','127.0.0.1','State=Open sid=1061878616 Remote=127.0.0.1:55779') On Conflict(Id) Do Update Set DeviceId=excluded.DeviceId,Name=excluded.Name,[Action]=excluded.[Action],Success=excluded.Success,TraceId=excluded.TraceId,Creator=excluded.Creator,CreateTime=excluded.CreateTime,CreateIP=excluded.CreateIP,Remark=excluded.Remark&#xD;
00:27:16.705 44 Y P [StardustData] Select * From NodeOnline Where NodeId=0&#xD;
00:27:16.922 44 Y P [StardustData] Select * From NodeOnline Where NodeId=0&#xD;
00:27:17.141 27 Y P [StardustData] Select * From NodeOnline Where NodeId=0&#xD;
00:27:17.346 27 Y P [StardustData] Select * From NodeOnline Where NodeId=0&#xD;
00:27:17.563 27 Y P [StardustData] Select * From NodeOnline Where NodeId=0&#xD;
00:27:17.780 44 Y P [StardustData] Select * From NodeOnline Where NodeId=0&#xD;
00:27:18.029 22 Y P [StardustData] Select * From NodeOnline Where NodeId=0&#xD;
00:27:18.245 27 Y P [StardustData] Select * From NodeOnline Where NodeId=0&#xD;
00:27:18.257 44 Y T [App]���ڵ�¼�����Ե�5000ms����ţ�3����Դ��App/PostEvents&#xD;
00:27:18.277 22 Y T [App]���ڵ�¼�����Ե�5000ms����ţ�4����Դ��App/Ping&#xD;
00:27:18.385 27 Y T [Membership] Select Count(ID) as ID,sum(case when LastLogin&gt;'2026-08-01' then 1 else 0 end) activeT1,sum(case when LastLogin&gt;'2026-07-25' then 1 else 0 end) activeT7,sum(case when LastLogin&gt;'2026-07-02' then 1 else 0 end) activeT30,sum(case when RegisterTime&gt;'2026-08-01' then 1 else 0 end) newT1,sum(case when RegisterTime&gt;'2026-07-25' then 1 else 0 end) newT7,sum(case when RegisterTime&gt;'2026-07-02' then 1 else 0 end) newT30 From User limit 1&#xD;
00:27:18.390 27 Y T [Membership] Select * From UserStat Where Date='2026-08-01 00:00:00'&#xD;
00:27:18.462 27 Y P [StardustData] Select * From NodeOnline Where NodeId=0&#xD;
00:27:18.679 27 Y P [StardustData] Select * From NodeOnline Where NodeId=0&#xD;
00:27:18.895 27 Y P [StardustData] Select * From NodeOnline Where NodeId=0&#xD;
00:27:19.110 22 Y T [StardustData] Select * From NodeOnline Where NodeId=0&#xD;
00:27:19.326 27 Y P [StardustData] Select * From NodeOnline Where NodeId=0&#xD;
00:27:19.543 22 Y T [StardustData] Select * From NodeOnline Where NodeId=0&#xD;
00:27:19.761 22 Y T [StardustData] Select * From NodeOnline Where NodeId=0&#xD;
00:27:19.978 27 Y P [StardustData] Select * From NodeOnline Where NodeId=0&#xD;
00:27:20.009 27 Y T �ǳ�������� Server=http://star.newlifex.com:6600 AppId=testhost ClientId=10.0.0.3@6476&#xD;
00:27:20.181 22 Y T NodeOnline.Count ���ټ������¼�����Ǿ�ȷ��[NodeOnline/StardustData] �ο�ֵ 0&#xD;
00:27:20.181 22 Y T [StardustData] Select Count(*) From NodeOnline&#xD;
00:27:20.196 22 Y P [StardustData] Select * From NodeOnline Where NodeId=0&#xD;
00:27:20.411 27 Y P [StardustData] Select * From NodeOnline Where NodeId=0&#xD;
00:27:20.596 23 Y P [App]��¼��testhost����ţ�2����Դ��App/ResolveService&#xD;
00:27:20.629 22 Y P [StardustData] Select * From NodeOnline Where NodeId=0&#xD;
00:27:20.768 23 Y P [App]��¼�ɹ���testhost����ţ�2����Դ��App/ResolveService&#xD;
00:27:20.784 23 Y P StarWeb: http://star.newlifex.com&#xD;
00:27:20.848 23 Y P [StardustData] Select * From NodeOnline Where NodeId=0&#xD;
[xUnit.net 00:00:17.65]       Assert.NotEmpty() Failure: Collection was empty&#xD;
[xUnit.net 00:00:17.65]       Stack Trace:&#xD;
[xUnit.net 00:00:17.65]         C:\X\NewLife.Remoting\XUnitTest.Samples\ZeroServer\ZeroServerIntegrationTests.cs(130,0): at XUnitTest.Samples.ZeroServer.ZeroServerIntegrationTests.Step3_Logout()&#xD;
[xUnit.net 00:00:17.65]         --- End of stack trace from previous location ---&#xD;
00:27:20.855 82 N L === Step 4: �޸���Կ���ص� ===&#xD;
[xUnit.net 00:00:17.65]       System.NullReferenceException : Object reference not set to an instance of an object.&#xD;
[xUnit.net 00:00:17.65]       Stack Trace:&#xD;
[xUnit.net 00:00:17.65]         C:\X\NewLife.Remoting\XUnitTest.Samples\ZeroServer\ZeroServerIntegrationTests.cs(155,0): at XUnitTest.Samples.ZeroServer.ZeroServerIntegrationTests.Step4_ReLoginWithNewSecret()&#xD;
[xUnit.net 00:00:17.65]         --- End of stack trace from previous location ---&#xD;
00:27:20.857 82 N L === Step 5: ���� ===&#xD;
00:27:20.857 82 N L [StardustData] Select * From NodeOnline Where NodeId=0 limit 1&#xD;
00:27:21.035 82 N L [Node]��¼������ţ�2����Դ��Node/Ping&#xD;
00:27:21.159 23 Y P [Node]��¼ʧ�ܣ�[Node/Login]Object reference not set to an instance of an object.����ţ�2����Դ��Node/Ping&#xD;
[xUnit.net 00:00:17.96]       NewLife.Remoting.ApiException : [Node/Login]Object reference not set to an instance of an object.&#xD;
[xUnit.net 00:00:17.96]       Stack Trace:&#xD;
[xUnit.net 00:00:17.96]         C:\X\NewLife.Remoting\NewLife.Remoting\Clients\ClientBase.cs(460,0): at NewLife.Remoting.Clients.ClientBase.InvokeAsync[TResult](String action, Object args, CancellationToken cancellationToken)&#xD;
[xUnit.net 00:00:17.96]         C:\X\NewLife.Remoting\NewLife.Remoting\Clients\ClientBase.cs(637,0): at NewLife.Remoting.Clients.ClientBase.Login(String source, CancellationToken cancellationToken)&#xD;
[xUnit.net 00:00:17.96]         C:\X\NewLife.Remoting\NewLife.Remoting\Clients\ClientBase.cs(433,0): at NewLife.Remoting.Clients.ClientBase.InvokeAsync[TResult](String action, Object args, CancellationToken cancellationToken)&#xD;
[xUnit.net 00:00:17.96]         C:\X\NewLife.Remoting\NewLife.Remoting\Clients\ClientBase.cs(835,0): at NewLife.Remoting.Clients.ClientBase.Ping(CancellationToken cancellationToken)&#xD;
[xUnit.net 00:00:17.96]         C:\X\NewLife.Remoting\NewLife.Remoting\Clients\ClientBase.cs(897,0): at NewLife.Remoting.Clients.ClientBase.Ping(CancellationToken cancellationToken)&#xD;
[xUnit.net 00:00:17.96]         C:\X\NewLife.Remoting\Samples\ZeroServer\Clients\NodeClient.cs(107,0): at ZeroClient.NodeClient.Ping(CancellationToken cancellationToken)&#xD;
[xUnit.net 00:00:17.96]         C:\X\NewLife.Remoting\XUnitTest.Samples\ZeroServer\ZeroServerIntegrationTests.cs(191,0): at XUnitTest.Samples.ZeroServer.ZeroServerIntegrationTests.Step5_Ping()&#xD;
[xUnit.net 00:00:17.96]         --- End of stack trace from previous location ---&#xD;
00:27:21.162 76 N L === Step 6: �ȴ� WebSocket ���� ===&#xD;
00:27:21.162 76 N L [StardustData] Select * From NodeOnline Where NodeId=0 limit 1&#xD;
00:27:21.381 75 N L [StardustData] Select * From NodeOnline Where NodeId=0 limit 1&#xD;
00:27:21.535 44 Y EQ [StardustData] Insert Into NodeHistory(Id,NodeId,Name,ProvinceID,CityID,[Action],Success,Version,CompileTime,TraceId,Creator,CreateTime,CreateIP,Content) Values(7488993718054645760,1,'X5',0,0,'Node/Login',0,'18.8.1','2000-01-01 00:00:00','0a000003178551524174400c7e194c','X5','2026-08-01 00:27:21.1590485','127.0.0.1','System.NullReferenceException: Object reference not set to an instance of an object.&#xD;
   at ZeroServer.Services.NodeService.OnRegister(DeviceContext context, ILoginRequest request) in C:\X\NewLife.Remoting\Samples\ZeroServer\Services\NodeService.cs:line 50&#xD;
   at NewLife.Remoting.Extensions.Services.DefaultDeviceService`2.Register(DeviceContext context, ILoginRequest request) in C:\X\NewLife.Remoting\NewLife.Remoting.Extensions\Services\DefaultDeviceService.cs:line 203&#xD;
   at NewLife.Remoting.Extensions.Services.DefaultDeviceService`2.Login(DeviceContext context, ILoginRequest request, String source) in C:\X\NewLife.Remoting\NewLife.Remoting.Extensions\Services\DefaultDeviceService.cs:line 97&#xD;
   at NewLife.Remoting.Extensions.BaseDeviceController.Login(ILoginRequest request) in C:\X\NewLife.Remoting\NewLife.Remoting.Extensions\Controllers\BaseDeviceController.cs:line 48&#xD;
   at lambda_method670(Closure, Object, Object[])&#xD;
   at Microsoft.AspNetCore.Mvc.Infrastructure.ActionMethodExecutor.SyncObjectResultExecutor.Execute(ActionContext actionContext, IActionResultTypeMapper mapper, ObjectMethodExecutor executor, Object controller, Object[] arguments)&#xD;
   at Microsoft.AspNetCore.Mvc.Infrastructure.ControllerActionInvoker.InvokeActionMethodAsync()&#xD;
   at Microsoft.AspNetCore.Mvc.Infrastructure.ControllerActionInvoker.Next(State&amp; next, Scope&amp; scope, Object&amp; state, Boolean&amp; isCompleted)&#xD;
   at Microsoft.AspNetCore.Mvc.Infrastructure.ControllerActionInvoker.InvokeNextActionFilterAsync()&#xD;
{&#xD;
  "request": {&#xD;
    "Code": null,&#xD;
    "Secret": null,&#xD;
    "ClientId": "10.0.0.3@6476",&#xD;
    "Version": "18.8.1",&#xD;
    "Compile": 946656000000,&#xD;
    "IP": "10.0.0.3,172.21.112.1",&#xD;
    "Macs": "D4-5D-64-B3-D9-5F",&#xD;
    "UUID": "0BDE6A9BCE4D358768F6E06BA78F0FC9",&#xD;
    "Time": 1785515241146,&#xD;
    "ProductKey": null,&#xD;
    "ProductSecret": null,&#xD;
    "Name": "X5"&#xD;
  },&#xD;
  "token": ""&#xD;
}'),(7488993718050451456,1,'X5',0,0,'��̬ע��',0,'18.8.1','2000-01-01 00:00:00','0a000003178551524174400c7e194c','X5','2026-08-01 00:27:21.1587611','127.0.0.1','[9ABD7866/9ABD7866]ע��ʧ�ܣ�Object reference not set to an instance of an object.')&#xD;
00:27:21.596 23 Y P [StardustData] Select * From NodeOnline Where NodeId=0 limit 1&#xD;
00:27:21.812 23 Y P [StardustData] Select * From NodeOnline Where NodeId=0 limit 1&#xD;
00:27:22.031 23 Y P [StardustData] Select * From NodeOnline Where NodeId=0 limit 1&#xD;
00:27:22.248 23 Y P [StardustData] Select * From NodeOnline Where NodeId=0 limit 1&#xD;
00:27:22.465 23 Y P [StardustData] Select * From NodeOnline Where NodeId=0 limit 1&#xD;
00:27:22.683 23 Y P [StardustData] Select * From NodeOnline Where NodeId=0 limit 1&#xD;
00:27:22.898 27 Y P [StardustData] Select * From NodeOnline Where NodeId=0 limit 1&#xD;
00:27:23.116 27 Y P [StardustData] Select * From NodeOnline Where NodeId=0 limit 1&#xD;
00:27:23.330 44 Y P [StardustData] Select * From NodeOnline Where NodeId=0 limit 1&#xD;
00:27:23.546 44 Y P [StardustData] Select * From NodeOnline Where NodeId=0 limit 1&#xD;
00:27:23.763 44 Y P [StardustData] Select * From NodeOnline Where NodeId=0 limit 1&#xD;
00:27:23.978 44 Y P [StardustData] Select * From NodeOnline Where NodeId=0 limit 1&#xD;
00:27:24.196 44 Y P [StardustData] Select * From NodeOnline Where NodeId=0 limit 1&#xD;
00:27:24.416 44 Y P [StardustData] Select * From NodeOnline Where NodeId=0 limit 1&#xD;
00:27:24.631 44 Y P [StardustData] Select * From NodeOnline Where NodeId=0 limit 1&#xD;
00:27:24.848 44 Y P [StardustData] Select * From NodeOnline Where NodeId=0 limit 1&#xD;
00:27:25.061 44 Y P [StardustData] Select * From NodeOnline Where NodeId=0 limit 1&#xD;
00:27:25.185 23 Y T [Membership] Delete From OAuthLog Where Id&lt;7478122098972426240 And UserId=0&#xD;
00:27:25.185 22 Y P [testhost]��ʼ���ֲ�ʽ�ļ��洢���ڵ㣺10.0.0.3@6476&#xD;
00:27:25.185 22 Y P [App]�ǳ��¼����ߣ�Ӧ���¼�ͨ�� WebSocket �ϱ��� StarServer��StarServer �ڲ��� EventHub �� topic �ַ�����Ӧ���¼����ߣ����ĸ� topic ������ WebSocket �Ự�ٰ���Ϣ�·���Ŀ��Ӧ�á�StarServer ���岿��ʱ�ڲ�����ʹ���ڴ�ʵ�֣���Ⱥ����ʱ�ڲ�����ʹ�� Redis ����ʵ�֡�&#xD;
00:27:25.186 22 Y P ʹ��[MemoryCache]�¼����ߣ�����[testhost]��Ӧ��ͨ����Ϣ���зַ��¼���&#xD;
00:27:25.190 23 Y T ɾ��[2026-07-02 00:27:25]֮ǰ�� OAuthLog ����0&#xD;
00:27:25.190 23 Y T [Membership] Delete From AppLog Where Id&lt;7478122098972426240 And [Action]='Authorize' And CreateUser Is Null&#xD;
00:27:25.194 23 Y T ɾ��[2026-07-02 00:27:25]֮ǰ�� AppLog ����0&#xD;
00:27:25.197 23 Y T ɾ��[2026-07-02 00:27:25]֮ǰ�� Log ����0&#xD;
00:27:25.278 22 Y P [StardustData] Select * From NodeOnline Where NodeId=0 limit 1&#xD;
00:27:25.494 23 Y P [StardustData] Select * From NodeOnline Where NodeId=0 limit 1&#xD;
00:27:25.719 23 Y P [StardustData] Select * From NodeOnline Where NodeId=0 limit 1&#xD;
00:27:25.928 23 Y P [StardustData] Select * From NodeOnline Where NodeId=0 limit 1&#xD;
00:27:26.145 23 Y P [StardustData] Select * From NodeOnline Where NodeId=0 limit 1&#xD;
[xUnit.net 00:00:23.16]       Assert.NotNull() Failure: Value is null&#xD;
[xUnit.net 00:00:23.16]       Stack Trace:&#xD;
[xUnit.net 00:00:23.16]         C:\X\NewLife.Remoting\XUnitTest.Samples\ZeroServer\ZeroServerIntegrationTests.cs(226,0): at XUnitTest.Samples.ZeroServer.ZeroServerIntegrationTests.Step6_WaitWebSocket()&#xD;
[xUnit.net 00:00:23.16]         --- End of stack trace from previous location ---&#xD;
00:27:26.365 69 N L === Step 7: SendCommand + CommandReply ===&#xD;
00:27:26.369 22 Y 42 [Membership] Select * From AccessRule&#xD;
00:27:26.380 22 Y 43 [Membership] Select * From Menu&#xD;
00:27:26.390 68 N L SendCommand HTTP ״̬=OK&#xD;
00:27:26.552 22 Y EQ [StardustData] Insert Into NodeHistory(Id,NodeId,Name,ProvinceID,CityID,[Action],Success,Version,CompileTime,TraceId,Creator,CreateTime,CreateIP,Content) Values(7488993739986661376,0,null,0,0,'Node/SendCommand',0,null,null,'0a000003178551524696200e6e194c','X5','2026-08-01 00:27:26.3880258','127.0.0.1','System.ArgumentNullException: ����ָ������ (Parameter ''Code'')&#xD;
   at NewLife.Remoting.Extensions.BaseDeviceController.SendCommand(CommandInModel model) in C:\X\NewLife.Remoting\NewLife.Remoting.Extensions\Controllers\BaseDeviceController.cs:line 249&#xD;
   at lambda_method678(Closure, Object, Object[])&#xD;
   at Microsoft.AspNetCore.Mvc.Infrastructure.ActionMethodExecutor.AwaitableObjectResultExecutor.Execute(ActionContext actionContext, IActionResultTypeMapper mapper, ObjectMethodExecutor executor, Object controller, Object[] arguments)&#xD;
   at Microsoft.AspNetCore.Mvc.Infrastructure.ControllerActionInvoker.&lt;InvokeActionMethodAsync&gt;g__Awaited|12_0(ControllerActionInvoker invoker, ValueTask`1 actionResultValueTask)&#xD;
   at Microsoft.AspNetCore.Mvc.Infrastructure.ControllerActionInvoker.&lt;InvokeNextActionFilterAsync&gt;g__Awaited|10_0(ControllerActionInvoker invoker, Task lastTask, State next, Scope scope, Object state, Boolean isCompleted)&#xD;
{&#xD;
  "model": {&#xD;
    "Code": null,&#xD;
    "Command": "test:echo",&#xD;
    "Argument": "hello",&#xD;
    "StartTime": 0,&#xD;
    "Expire": 0,&#xD;
    "Timeout": 10&#xD;
  },&#xD;
  "token": ""&#xD;
}')&#xD;
[xUnit.net 00:00:33.19]       System.Threading.Tasks.TaskCanceledException : A task was canceled.&#xD;
[xUnit.net 00:00:33.19]       Stack Trace:&#xD;
[xUnit.net 00:00:33.19]         C:\X\NewLife.Remoting\XUnitTest.Samples\ZeroServer\ZeroServerIntegrationTests.cs(267,0): at XUnitTest.Samples.ZeroServer.ZeroServerIntegrationTests.Step7_SendCommandAndReply()&#xD;
[xUnit.net 00:00:33.19]         --- End of stack trace from previous location ---&#xD;
00:27:36.395 64 N L === Step 8: ������� ===&#xD;
00:27:36.395 64 N L [Node]������&#xD;
00:27:36.397 64 N L [Node]��¼������ţ�3����Դ��Node/Upgrade&#xD;
00:27:36.523 23 Y 45 [Membership] Select * From AccessRule&#xD;
00:27:36.534 23 Y 46 [Membership] Select * From Menu&#xD;
00:27:36.534 44 Y P [Zero] Select * From Node&#xD;
00:27:36.541 27 Y P [Node]��¼ʧ�ܣ�[Node/Login]Object reference not set to an instance of an object.����ţ�3����Դ��Node/Upgrade&#xD;
[xUnit.net 00:00:33.34]       Assert.Null() Failure: Value is not null&#xD;
[xUnit.net 00:00:33.34]       Expected: null&#xD;
[xUnit.net 00:00:33.34]       Actual:   NewLife.Remoting.ApiException: [Node/Login]Object reference not set to an instance of an object.&#xD;
[xUnit.net 00:00:33.34]          at NewLife.Remoting.Clients.ClientBase.InvokeAsync[TResult](String action, Object args, CancellationToken cancellationToken) in C:\X\NewLife.Remoting\NewLife.Remoting\Clients\ClientBase.cs:line 460&#xD;
[xUnit.net 00:00:33.34]          at NewLife.Remoting.Clients.ClientBase.Login(String source, CancellationToken cancellationToken) in C:\X\NewLife.Remoting\NewLife.Remoting\Clients\ClientBase.cs:line 637&#xD;
[xUnit.net 00:00:33.34]          at NewLife.Remoting.Clients.ClientBase.GetAsync[TResult](String action, Object args, CancellationToken cancellationToken) in C:\X\NewLife.Remoting\NewLife.Remoting\Clients\ClientBase.cs:line 362&#xD;
[xUnit.net 00:00:33.34]          at NewLife.Remoting.Clients.ClientBase.UpgradeAsync(String channel, CancellationToken cancellationToken) in C:\X\NewLife.Remoting\NewLife.Remoting\Clients\ClientBase.cs:line 1135&#xD;
[xUnit.net 00:00:33.34]          at NewLife.Remoting.Clients.ClientBase.Upgrade(String channel, CancellationToken cancellationToken) in C:\X\NewLife.Remoting\NewLife.Remoting\Clients\ClientBase.cs:line 1005&#xD;
[xUnit.net 00:00:33.34]          at XUnitTest.Samples.ZeroServer.ZeroServerIntegrationTests.&lt;&gt;c__DisplayClass9_0.&lt;&lt;Step8_Upgrade&gt;b__0&gt;d.MoveNext() in C:\X\NewLife.Remoting\XUnitTest.Samples\ZeroServer\ZeroServerIntegrationTests.cs:line 288&#xD;
[xUnit.net 00:00:33.34]       --- End of stack trace from previous location ---&#xD;
[xUnit.net 00:00:33.34]          at Xunit.Record.ExceptionAsync(Func`1 testCode) in /_/src/xunit.core/Record.cs:line 76&#xD;
[xUnit.net 00:00:33.34]       Stack Trace:&#xD;
[xUnit.net 00:00:33.34]         C:\X\NewLife.Remoting\XUnitTest.Samples\ZeroServer\ZeroServerIntegrationTests.cs(291,0): at XUnitTest.Samples.ZeroServer.ZeroServerIntegrationTests.Step8_Upgrade()&#xD;
[xUnit.net 00:00:33.34]         --- End of stack trace from previous location ---&#xD;
00:27:36.545 53 N L === Step 9: �¼��ϱ� ===&#xD;
00:27:36.545 53 N L [Node]��¼������ţ�4����Դ��Node/PostEvents&#xD;
00:27:36.563 27 Y EQ [StardustData] Insert Into NodeHistory(Id,NodeId,Name,ProvinceID,CityID,[Action],Success,Version,CompileTime,TraceId,Creator,CreateTime,CreateIP,Content) Values(7488993782567235585,1,'X5',0,0,'Node/Login',0,'18.8.1','2000-01-01 00:00:00','0a000003178551525711900ebe194c','X5','2026-08-01 00:27:36.5405327','127.0.0.1','System.NullReferenceException: Object reference not set to an instance of an object.&#xD;
   at ZeroServer.Services.NodeService.OnRegister(DeviceContext context, ILoginRequest request) in C:\X\NewLife.Remoting\Samples\ZeroServer\Services\NodeService.cs:line 50&#xD;
   at NewLife.Remoting.Extensions.Services.DefaultDeviceService`2.Register(DeviceContext context, ILoginRequest request) in C:\X\NewLife.Remoting\NewLife.Remoting.Extensions\Services\DefaultDeviceService.cs:line 203&#xD;
   at NewLife.Remoting.Extensions.Services.DefaultDeviceService`2.Login(DeviceContext context, ILoginRequest request, String source) in C:\X\NewLife.Remoting\NewLife.Remoting.Extensions\Services\DefaultDeviceService.cs:line 97&#xD;
   at NewLife.Remoting.Extensions.BaseDeviceController.Login(ILoginRequest request) in C:\X\NewLife.Remoting\NewLife.Remoting.Extensions\Controllers\BaseDeviceController.cs:line 48&#xD;
   at lambda_method670(Closure, Object, Object[])&#xD;
   at Microsoft.AspNetCore.Mvc.Infrastructure.ActionMethodExecutor.SyncObjectResultExecutor.Execute(ActionContext actionContext, IActionResultTypeMapper mapper, ObjectMethodExecutor executor, Object controller, Object[] arguments)&#xD;
   at Microsoft.AspNetCore.Mvc.Infrastructure.ControllerActionInvoker.InvokeActionMethodAsync()&#xD;
   at Microsoft.AspNetCore.Mvc.Infrastructure.ControllerActionInvoker.Next(State&amp; next, Scope&amp; scope, Object&amp; state, Boolean&amp; isCompleted)&#xD;
   at Microsoft.AspNetCore.Mvc.Infrastructure.ControllerActionInvoker.InvokeNextActionFilterAsync()&#xD;
{&#xD;
  "request": {&#xD;
    "Code": null,&#xD;
    "Secret": null,&#xD;
    "ClientId": "10.0.0.3@6476",&#xD;
    "Version": "18.8.1",&#xD;
    "Compile": 946656000000,&#xD;
    "IP": "10.0.0.3,172.21.112.1",&#xD;
    "Macs": "D4-5D-64-B3-D9-5F",&#xD;
    "UUID": "0BDE6A9BCE4D358768F6E06BA78F0FC9",&#xD;
    "Time": 1785515256522,&#xD;
    "ProductKey": null,&#xD;
    "ProductSecret": null,&#xD;
    "Name": "X5"&#xD;
  },&#xD;
  "token": ""&#xD;
}'),(7488993782567235584,1,'X5',0,0,'��̬ע��',0,'18.8.1','2000-01-01 00:00:00','0a000003178551525711900ebe194c','X5','2026-08-01 00:27:36.5401755','127.0.0.1','[9ABD7866/9ABD7866]ע��ʧ�ܣ�Object reference not set to an instance of an object.')&#xD;
00:27:36.678 44 Y P [Node]��¼ʧ�ܣ�[Node/Login]Object reference not set to an instance of an object.����ţ�4����Դ��Node/PostEvents&#xD;
[xUnit.net 00:00:33.48]       NewLife.Remoting.ApiException : [Node/Login]Object reference not set to an instance of an object.&#xD;
[xUnit.net 00:00:33.48]       Stack Trace:&#xD;
[xUnit.net 00:00:33.48]         C:\X\NewLife.Remoting\NewLife.Remoting\Clients\ClientBase.cs(460,0): at NewLife.Remoting.Clients.ClientBase.InvokeAsync[TResult](String action, Object args, CancellationToken cancellationToken)&#xD;
[xUnit.net 00:00:33.48]         C:\X\NewLife.Remoting\NewLife.Remoting\Clients\ClientBase.cs(637,0): at NewLife.Remoting.Clients.ClientBase.Login(String source, CancellationToken cancellationToken)&#xD;
[xUnit.net 00:00:33.48]         C:\X\NewLife.Remoting\NewLife.Remoting\Clients\ClientBase.cs(433,0): at NewLife.Remoting.Clients.ClientBase.InvokeAsync[TResult](String action, Object args, CancellationToken cancellationToken)&#xD;
[xUnit.net 00:00:33.48]         C:\X\NewLife.Remoting\XUnitTest.Samples\ZeroServer\ZeroServerIntegrationTests.cs(310,0): at XUnitTest.Samples.ZeroServer.ZeroServerIntegrationTests.Step9_PostEvents()&#xD;
[xUnit.net 00:00:33.48]         --- End of stack trace from previous location ---&#xD;
info: Microsoft.Hosting.Lifetime[0]&#xD;
      Application is shutting down...&#xD;
00:27:36.682 44 Y P [App]ע����testhost Dispose&#xD;
[xUnit.net 00:00:33.50]   Finished:    XUnitTest.Samples&#xD;
00:27:36.714 01 N - TimerScheduler.ClearAll [4]&#xD;
00:27:36.715 01 N - DefaultTimer.ClearAll [34]&#xD;
00:27:36.715 01 N - MatchTimer.ClearAll [2]&#xD;
00:27:36.715 01 N - EQTimer.ClearAll [6]&#xD;
00:27:36.715 01 N - SCTimer.ClearAll [2]&#xD;
00:27:36.715 01 N - ħ�������˳���&#xD;
00:27:36.715 01 N - ħ�������˳���&#xD;
</StdOut>
    </Output>
    <RunInfos>
      <RunInfo computerName="X5" outcome="Error" timestamp="2026-08-01T00:27:15.5347443+08:00">
        <Text>[xUnit.net 00:00:12.33]     ZeroServer_Step1_自动注册登录 [FAIL]</Text>
      </RunInfo>
      <RunInfo computerName="X5" outcome="Error" timestamp="2026-08-01T00:27:15.8441142+08:00">
        <Text>[xUnit.net 00:00:12.64]     ZeroServer_Step2_验证服务端实体 [FAIL]</Text>
      </RunInfo>
      <RunInfo computerName="X5" outcome="Error" timestamp="2026-08-01T00:27:20.8553915+08:00">
        <Text>[xUnit.net 00:00:17.65]     ZeroServer_Step3_注销 [FAIL]</Text>
      </RunInfo>
      <RunInfo computerName="X5" outcome="Error" timestamp="2026-08-01T00:27:20.8573113+08:00">
        <Text>[xUnit.net 00:00:17.65]     ZeroServer_Step4_修改密钥后重登 [FAIL]</Text>
      </RunInfo>
      <RunInfo computerName="X5" outcome="Error" timestamp="2026-08-01T00:27:21.1620617+08:00">
        <Text>[xUnit.net 00:00:17.96]     ZeroServer_Step5_心跳 [FAIL]</Text>
      </RunInfo>
      <RunInfo computerName="X5" outcome="Error" timestamp="2026-08-01T00:27:26.3647932+08:00">
        <Text>[xUnit.net 00:00:23.16]     ZeroServer_Step6_WebSocket建立确认 [FAIL]</Text>
      </RunInfo>
      <RunInfo computerName="X5" outcome="Error" timestamp="2026-08-01T00:27:36.3948156+08:00">
        <Text>[xUnit.net 00:00:33.19]     ZeroServer_Step7_SendCommand与CommandReply [FAIL]</Text>
      </RunInfo>
      <RunInfo computerName="X5" outcome="Error" timestamp="2026-08-01T00:27:36.5456413+08:00">
        <Text>[xUnit.net 00:00:33.34]     ZeroServer_Step8_升级检查 [FAIL]</Text>
      </RunInfo>
      <RunInfo computerName="X5" outcome="Error" timestamp="2026-08-01T00:27:36.6803010+08:00">
        <Text>[xUnit.net 00:00:33.48]     ZeroServer_Step9_事件上报 [FAIL]</Text>
      </RunInfo>
    </RunInfos>
  </ResultSummary>
</TestRun>